"../../../Engine/Content/Functions/Engine_MaterialFunctions01/Shading/PowerToRoughness.uasset" 0
"../../../Engine/Content/Functions/Engine_MaterialFunctions01/Shading/PowerToRoughness.uexp" 1
"../../../Engine/Content/Functions/Engine_MaterialFunctions01/Shading/ConvertFromDiffSpec.uasset" 2
"../../../Engine/Content/Functions/Engine_MaterialFunctions01/Shading/ConvertFromDiffSpec.uexp" 3
"../../../Engine/Content/EngineSounds/Master.uasset" 4
"../../../Engine/Content/EngineSounds/Master.uexp" 5
"../../../Engine/Content/EngineSky/VolumetricClouds/CloudWeatherTexture.uasset" 6
"../../../Engine/Content/EngineSky/VolumetricClouds/CloudWeatherTexture.uexp" 7
"../../../Engine/Content/Functions/Engine_MaterialFunctions02/Utility/MakeFloat2.uasset" 8
"../../../Engine/Content/Functions/Engine_MaterialFunctions02/Utility/MakeFloat2.uexp" 9
"../../../Engine/Content/EngineSky/VolumetricClouds/CloudGradientTexture.uasset" 10
"../../../Engine/Content/EngineSky/VolumetricClouds/CloudGradientTexture.uexp" 11
"../../../Engine/Content/EngineSky/VolumetricClouds/T_NoiseShape64.ubulk" 12
"../../../Engine/Content/EngineSky/VolumetricClouds/T_NoiseShape64.uasset" 13
"../../../Engine/Content/EngineSky/VolumetricClouds/T_NoiseShape64.uexp" 14
"../../../Engine/Content/EngineSky/VolumetricClouds/T_VolumeNoiseShape64.uasset" 15
"../../../Engine/Content/EngineSky/VolumetricClouds/T_VolumeNoiseShape64.uexp" 16
"../../../Engine/Content/EngineSky/VolumetricClouds/T_NoiseErosion.ubulk" 17
"../../../Engine/Content/EngineSky/VolumetricClouds/T_NoiseErosion.uasset" 18
"../../../Engine/Content/EngineSky/VolumetricClouds/T_NoiseErosion.uexp" 19
"../../../Engine/Content/EngineSky/VolumetricClouds/T_VolumeNoiseErosion32.uasset" 20
"../../../Engine/Content/EngineSky/VolumetricClouds/T_VolumeNoiseErosion32.uexp" 21
"../../../Engine/Content/EngineSky/VolumetricClouds/m_SimpleVolumetricCloud.uasset" 22
"../../../Engine/Content/EngineSky/VolumetricClouds/m_SimpleVolumetricCloud.uexp" 23
"../../../Engine/Content/EngineSky/VolumetricClouds/m_SimpleVolumetricCloud_Inst.uasset" 24
"../../../Engine/Content/EngineSky/VolumetricClouds/m_SimpleVolumetricCloud_Inst.uexp" 25
"../../../Engine/Content/EngineResources/GradientTexture0.uasset" 26
"../../../Engine/Content/EngineResources/GradientTexture0.uexp" 27
"../../../Engine/Content/EngineResources/DefaultVolumeTexture2D.uasset" 28
"../../../Engine/Content/EngineResources/DefaultVolumeTexture2D.uexp" 29
"../../../Engine/Content/EngineResources/DefaultVolumeTexture.uasset" 30
"../../../Engine/Content/EngineResources/DefaultVolumeTexture.uexp" 31
"../../../Engine/Content/EngineResources/DefaultTextureCube.uasset" 32
"../../../Engine/Content/EngineResources/DefaultTextureCube.uexp" 33
"../../../Engine/Content/EngineResources/Black.uasset" 34
"../../../Engine/Content/EngineResources/Black.uexp" 35
"../../../Engine/Content/EngineResources/FilmGrains/Marcie_Grain_v3_128_M2_000.uasset" 36
"../../../Engine/Content/EngineResources/FilmGrains/Marcie_Grain_v3_128_M2_000.uexp" 37
"../../../Engine/Content/EngineMeshes/Sphere.uasset" 38
"../../../Engine/Content/EngineMeshes/Sphere.uexp" 39
"../../../Engine/Content/EngineResources/WhiteSquareTexture.uasset" 40
"../../../Engine/Content/EngineResources/WhiteSquareTexture.uexp" 41
"../../../Engine/Content/EngineMaterials/Widget3DPassThrough.uasset" 42
"../../../Engine/Content/EngineMaterials/Widget3DPassThrough.uexp" 43
"../../../Engine/Content/EngineMaterials/Widget3DPassThrough_Translucent.uasset" 44
"../../../Engine/Content/EngineMaterials/Widget3DPassThrough_Translucent.uexp" 45
"../../../Engine/Content/EngineMaterials/Widget3DPassThrough_Translucent_OneSided.uasset" 46
"../../../Engine/Content/EngineMaterials/Widget3DPassThrough_Translucent_OneSided.uexp" 47
"../../../Engine/Content/EngineMaterials/Widget3DPassThrough_Opaque.uasset" 48
"../../../Engine/Content/EngineMaterials/Widget3DPassThrough_Opaque.uexp" 49
"../../../Engine/Content/EngineMaterials/Widget3DPassThrough_Opaque_OneSided.uasset" 50
"../../../Engine/Content/EngineMaterials/Widget3DPassThrough_Opaque_OneSided.uexp" 51
"../../../Engine/Content/EngineMaterials/Widget3DPassThrough_Masked_OneSided.uasset" 52
"../../../Engine/Content/EngineMaterials/Widget3DPassThrough_Masked_OneSided.uexp" 53
"../../../Engine/Content/EngineMaterials/Widget3DPassThrough_Masked.uasset" 54
"../../../Engine/Content/EngineMaterials/Widget3DPassThrough_Masked.uexp" 55
"../../../Engine/Content/EngineMaterials/WeightMapPlaceholderTexture.uasset" 56
"../../../Engine/Content/EngineMaterials/WeightMapPlaceholderTexture.uexp" 57
"../../../Engine/Content/EngineMaterials/RemoveSurfaceMaterial.uasset" 58
"../../../Engine/Content/EngineMaterials/RemoveSurfaceMaterial.uexp" 59
"../../../Engine/Content/EngineMaterials/PreintegratedSkinBRDF.uasset" 60
"../../../Engine/Content/EngineMaterials/PreintegratedSkinBRDF.uexp" 61
"../../../Engine/Content/EngineMaterials/DefaultCalibrationGrayscale.uasset" 62
"../../../Engine/Content/EngineMaterials/DefaultCalibrationGrayscale.uexp" 63
"../../../Engine/Content/EngineMaterials/PPM_DefaultCalibrationGrayscale.uasset" 64
"../../../Engine/Content/EngineMaterials/PPM_DefaultCalibrationGrayscale.uexp" 65
"../../../Engine/Content/EngineMaterials/DefaultCalibrationColor.uasset" 66
"../../../Engine/Content/EngineMaterials/DefaultCalibrationColor.uexp" 67
"../../../Engine/Content/EngineMaterials/PPM_DefaultCalibrationColor.uasset" 68
"../../../Engine/Content/EngineMaterials/PPM_DefaultCalibrationColor.uexp" 69
"../../../Engine/Content/Functions/Engine_MaterialFunctions02/WorldPositionOffset/CameraOffset.uasset" 70
"../../../Engine/Content/Functions/Engine_MaterialFunctions02/WorldPositionOffset/CameraOffset.uexp" 71
"../../../Engine/Content/EngineMaterials/PhAT_JointLimitMaterial.uasset" 72
"../../../Engine/Content/EngineMaterials/PhAT_JointLimitMaterial.uexp" 73
"../../../Engine/Content/EngineMaterials/InvalidLightmapSettings.ubulk" 74
"../../../Engine/Content/EngineMaterials/InvalidLightmapSettings.uasset" 75
"../../../Engine/Content/EngineMaterials/InvalidLightmapSettings.uexp" 76
"../../../Engine/Content/EngineMaterials/M_InvalidLightmapSettings.uasset" 77
"../../../Engine/Content/EngineMaterials/M_InvalidLightmapSettings.uexp" 78
"../../../Engine/Content/EngineMaterials/MiniFont.uasset" 79
"../../../Engine/Content/EngineMaterials/MiniFont.uexp" 80
"../../../Engine/Content/EngineMaterials/Good64x64TilingNoiseHighFreq.uasset" 81
"../../../Engine/Content/EngineMaterials/Good64x64TilingNoiseHighFreq.uexp" 82
"../../../Engine/Content/EngineMaterials/GizmoMaterial.uasset" 83
"../../../Engine/Content/EngineMaterials/GizmoMaterial.uexp" 84
"../../../Engine/Content/EngineMaterials/BaseFlattenEmissiveMap_VT.uasset" 85
"../../../Engine/Content/EngineMaterials/BaseFlattenEmissiveMap_VT.uexp" 86
"../../../Engine/Content/EngineMaterials/BaseFlattenGrayscaleMap_VT.uasset" 87
"../../../Engine/Content/EngineMaterials/BaseFlattenGrayscaleMap_VT.uexp" 88
"../../../Engine/Content/EngineMaterials/BaseFlattenLinearColor_VT.uasset" 89
"../../../Engine/Content/EngineMaterials/BaseFlattenLinearColor_VT.uexp" 90
"../../../Engine/Content/EngineMaterials/Black_1x1_EXR_Texture_VT.uasset" 91
"../../../Engine/Content/EngineMaterials/Black_1x1_EXR_Texture_VT.uexp" 92
"../../../Engine/Content/EngineMaterials/BaseFlattenDiffuseMap_VT.uasset" 93
"../../../Engine/Content/EngineMaterials/BaseFlattenDiffuseMap_VT.uexp" 94
"../../../Engine/Content/EngineMaterials/BaseFlattenNormalMap_VT.uasset" 95
"../../../Engine/Content/EngineMaterials/BaseFlattenNormalMap_VT.uexp" 96
"../../../Engine/Content/EngineMaterials/FlattenMaterial_WS_Normal_VT.uasset" 97
"../../../Engine/Content/EngineMaterials/FlattenMaterial_WS_Normal_VT.uexp" 98
"../../../Engine/Content/EngineMaterials/FlattenMaterial_VT.uasset" 99
"../../../Engine/Content/EngineMaterials/FlattenMaterial_VT.uexp" 100
"../../../Engine/Content/EngineMaterials/BaseFlattenNormalMap.uasset" 101
"../../../Engine/Content/EngineMaterials/BaseFlattenNormalMap.uexp" 102
"../../../Engine/Content/EngineMaterials/BaseFlattenGrayscaleMap.uasset" 103
"../../../Engine/Content/EngineMaterials/BaseFlattenGrayscaleMap.uexp" 104
"../../../Engine/Content/EngineMaterials/BaseFlattenDiffuseMap.uasset" 105
"../../../Engine/Content/EngineMaterials/BaseFlattenDiffuseMap.uexp" 106
"../../../Engine/Content/Functions/Engine_MaterialFunctions02/PivotPainter2/Black_1x1_EXR_Texture.uasset" 107
"../../../Engine/Content/Functions/Engine_MaterialFunctions02/PivotPainter2/Black_1x1_EXR_Texture.uexp" 108
"../../../Engine/Content/EngineMaterials/BaseFlattenEmissiveMap.uasset" 109
"../../../Engine/Content/EngineMaterials/BaseFlattenEmissiveMap.uexp" 110
"../../../Engine/Content/EngineMaterials/BaseFlattenLinearColor.uasset" 111
"../../../Engine/Content/EngineMaterials/BaseFlattenLinearColor.uexp" 112
"../../../Engine/Content/EngineMaterials/FlattenMaterial.uasset" 113
"../../../Engine/Content/EngineMaterials/FlattenMaterial.uexp" 114
"../../../Engine/Content/EngineMaterials/DefaultWhiteGrid_Low.uasset" 115
"../../../Engine/Content/EngineMaterials/DefaultWhiteGrid_Low.uexp" 116
"../../../Engine/Content/EngineMaterials/EmissiveMeshMaterial.uasset" 117
"../../../Engine/Content/EngineMaterials/EmissiveMeshMaterial.uexp" 118
"../../../Engine/Content/EngineMaterials/DefaultWhiteGrid.ubulk" 119
"../../../Engine/Content/EngineMaterials/DefaultWhiteGrid.uasset" 120
"../../../Engine/Content/EngineMaterials/DefaultWhiteGrid.uexp" 121
"../../../Engine/Content/EngineFonts/RobotoDistanceField.uasset" 122
"../../../Engine/Content/EngineFonts/RobotoDistanceField.uexp" 123
"../../../Engine/Content/EngineMaterials/DefaultTextMaterialOpaque.uasset" 124
"../../../Engine/Content/EngineMaterials/DefaultTextMaterialOpaque.uexp" 125
"../../../Engine/Content/EngineMaterials/DefaultDiffuse.ubulk" 126
"../../../Engine/Content/EngineMaterials/DefaultDiffuse.uasset" 127
"../../../Engine/Content/EngineMaterials/DefaultDiffuse.uexp" 128
"../../../Engine/Content/Functions/Engine_MaterialFunctions02/Utility/BreakOutFloat2Components.uasset" 129
"../../../Engine/Content/Functions/Engine_MaterialFunctions02/Utility/BreakOutFloat2Components.uexp" 130
"../../../Engine/Content/EngineMaterials/DefaultPostProcessMaterial.uasset" 131
"../../../Engine/Content/EngineMaterials/DefaultPostProcessMaterial.uexp" 132
"../../../Engine/Content/EngineMaterials/DefaultPhysicalMaterial.uasset" 133
"../../../Engine/Content/EngineMaterials/DefaultPhysicalMaterial.uexp" 134
"../../../Engine/Content/EngineMaterials/DefaultLightFunctionMaterial.uasset" 135
"../../../Engine/Content/EngineMaterials/DefaultLightFunctionMaterial.uexp" 136
"../../../Engine/Content/EngineMaterials/DefaultDestructiblePhysicalMaterial.uasset" 137
"../../../Engine/Content/EngineMaterials/DefaultDestructiblePhysicalMaterial.uexp" 138
"../../../Engine/Content/EngineMaterials/DefaultDeferredDecalMaterial.uasset" 139
"../../../Engine/Content/EngineMaterials/DefaultDeferredDecalMaterial.uexp" 140
"../../../Engine/Content/EngineMaterials/DefaultBokeh.uasset" 141
"../../../Engine/Content/EngineMaterials/DefaultBokeh.uexp" 142
"../../../Engine/Content/EngineMaterials/DefaultBloomKernel.uasset" 143
"../../../Engine/Content/EngineMaterials/DefaultBloomKernel.uexp" 144
"../../../Engine/Content/EngineMaterials/BlueNoise.uasset" 145
"../../../Engine/Content/EngineMaterials/BlueNoise.uexp" 146
"../../../Engine/Content/EngineFonts/Faces/RobotoLight.uexp" 147
"../../../Engine/Content/EngineFonts/Faces/RobotoLight.uasset" 148
"../../../Engine/Content/EngineFonts/Faces/RobotoLight.ufont" 149
"../../../Engine/Content/EngineFonts/Faces/RobotoBold.uexp" 150
"../../../Engine/Content/EngineFonts/Faces/RobotoBold.uasset" 151
"../../../Engine/Content/EngineFonts/Faces/RobotoBold.ufont" 152
"../../../Engine/Content/EngineFonts/Faces/RobotoRegular.uexp" 153
"../../../Engine/Content/EngineFonts/Faces/RobotoRegular.uasset" 154
"../../../Engine/Content/EngineFonts/Faces/RobotoRegular.ufont" 155
"../../../Engine/Content/EngineFonts/Faces/DroidSansFallback.uexp" 156
"../../../Engine/Content/EngineFonts/Faces/DroidSansFallback.uasset" 157
"../../../Engine/Content/EngineFonts/Faces/DroidSansFallback.ufont" 158
"../../../Engine/Content/EngineFonts/Faces/RobotoItalic.uexp" 159
"../../../Engine/Content/EngineFonts/Faces/RobotoItalic.uasset" 160
"../../../Engine/Content/EngineFonts/Faces/RobotoItalic.ufont" 161
"../../../Engine/Content/EngineFonts/Faces/RobotoBoldItalic.uexp" 162
"../../../Engine/Content/EngineFonts/Faces/RobotoBoldItalic.uasset" 163
"../../../Engine/Content/EngineFonts/Faces/RobotoBoldItalic.ufont" 164
"../../../Engine/Content/EngineFonts/Roboto.uasset" 165
"../../../Engine/Content/EngineFonts/Roboto.uexp" 166
"../../../Engine/Content/Functions/Engine_MaterialFunctions02/Utility/CameraDirectionVector.uasset" 167
"../../../Engine/Content/Functions/Engine_MaterialFunctions02/Utility/CameraDirectionVector.uexp" 168
"../../../Engine/Content/EngineDebugMaterials/VolumeToRender.uasset" 169
"../../../Engine/Content/EngineDebugMaterials/VolumeToRender.uexp" 170
"../../../Engine/Content/EngineDebugMaterials/M_VolumeRenderSphereTracePP.uasset" 171
"../../../Engine/Content/EngineDebugMaterials/M_VolumeRenderSphereTracePP.uexp" 172
"../../../Engine/Content/EngineDebugMaterials/M_SimpleUnlitTranslucent.uasset" 173
"../../../Engine/Content/EngineDebugMaterials/M_SimpleUnlitTranslucent.uexp" 174
"../../../Engine/Content/EngineDebugMaterials/DebugMeshMaterial.uasset" 175
"../../../Engine/Content/EngineDebugMaterials/DebugMeshMaterial.uexp" 176
"../../../Engine/Content/EngineDebugMaterials/DebugEditorMaterial.uasset" 177
"../../../Engine/Content/EngineDebugMaterials/DebugEditorMaterial.uexp" 178
"../../../Engine/Content/EngineDamageTypes/DmgTypeBP_Environmental.uasset" 179
"../../../Engine/Content/EngineDamageTypes/DmgTypeBP_Environmental.uexp" 180
"../../../Engine/Content/EditorResources/S_TriggerSphere.uasset" 181
"../../../Engine/Content/EditorResources/S_TriggerSphere.uexp" 182
"../../../Engine/Content/EditorResources/S_TriggerCapsule.uasset" 183
"../../../Engine/Content/EditorResources/S_TriggerCapsule.uexp" 184
"../../../Engine/Content/EditorResources/S_TriggerBox.uasset" 185
"../../../Engine/Content/EditorResources/S_TriggerBox.uexp" 186
"../../../Engine/Content/EditorResources/S_Trigger.ubulk" 187
"../../../Engine/Content/EditorResources/S_Trigger.uasset" 188
"../../../Engine/Content/EditorResources/S_Trigger.uexp" 189
"../../../Engine/Content/EditorResources/S_Terrain.ubulk" 190
"../../../Engine/Content/EditorResources/S_Terrain.uasset" 191
"../../../Engine/Content/EditorResources/S_Terrain.uexp" 192
"../../../Engine/Content/EditorResources/S_Solver.ubulk" 193
"../../../Engine/Content/EditorResources/S_Solver.uasset" 194
"../../../Engine/Content/EditorResources/S_Solver.uexp" 195
"../../../Engine/Content/EditorResources/S_BoxReflectionCapture.uasset" 196
"../../../Engine/Content/EditorResources/S_BoxReflectionCapture.uexp" 197
"../../../Engine/Content/EditorResources/S_Actor.ubulk" 198
"../../../Engine/Content/EditorResources/S_Actor.uasset" 199
"../../../Engine/Content/EditorResources/S_Actor.uexp" 200
"../../../Engine/Content/EditorResources/EmptyActor.uasset" 201
"../../../Engine/Content/EditorResources/EmptyActor.uexp" 202
"../../../Engine/Content/EditorResources/BSPVertex.uasset" 203
"../../../Engine/Content/EditorResources/BSPVertex.uexp" 204
"../../../Engine/Content/EditorResources/SequenceRecorder/RecordingIndicator.uasset" 205
"../../../Engine/Content/EditorResources/SequenceRecorder/RecordingIndicator.uexp" 206
"../../../Engine/Content/EditorResources/SequenceRecorder/Countdown.uasset" 207
"../../../Engine/Content/EditorResources/SequenceRecorder/Countdown.uexp" 208
"../../../Engine/Content/EditorResources/LightIcons/S_LightError.uasset" 209
"../../../Engine/Content/EditorResources/LightIcons/S_LightError.uexp" 210
"../../../Engine/Content/EditorMaterials/Camera/CineMat.uasset" 211
"../../../Engine/Content/EditorMaterials/Camera/CineMat.uexp" 212
"../../../Engine/Content/EditorMaterials/Camera/MI_CineMat_Rig.uasset" 213
"../../../Engine/Content/EditorMaterials/Camera/MI_CineMat_Rig.uexp" 214
"../../../Engine/Content/EditorMeshes/Camera/SM_RailRig_Track.uasset" 215
"../../../Engine/Content/EditorMeshes/Camera/SM_RailRig_Track.uexp" 216
"../../../Engine/Content/EditorMeshes/Camera/SM_RailRig_Mount.uasset" 217
"../../../Engine/Content/EditorMeshes/Camera/SM_RailRig_Mount.uexp" 218
"../../../Engine/Content/EditorMeshes/Camera/SM_CraneRig_Mount.uasset" 219
"../../../Engine/Content/EditorMeshes/Camera/SM_CraneRig_Mount.uexp" 220
"../../../Engine/Content/EditorMeshes/Camera/SM_CraneRig_Body.uasset" 221
"../../../Engine/Content/EditorMeshes/Camera/SM_CraneRig_Body.uexp" 222
"../../../Engine/Content/EditorMeshes/Camera/SM_CraneRig_Base.uasset" 223
"../../../Engine/Content/EditorMeshes/Camera/SM_CraneRig_Base.uexp" 224
"../../../Engine/Content/EditorMeshes/Camera/SM_CraneRig_Arm.uasset" 225
"../../../Engine/Content/EditorMeshes/Camera/SM_CraneRig_Arm.uexp" 226
"../../../Engine/Content/EditorMaterials/PreviewShadowIndicator.ubulk" 227
"../../../Engine/Content/EditorMaterials/PreviewShadowIndicator.uasset" 228
"../../../Engine/Content/EditorMaterials/PreviewShadowIndicator.uexp" 229
"../../../Engine/Content/EditorMaterials/PreviewShadowIndicatorMaterial.uasset" 230
"../../../Engine/Content/EditorMaterials/PreviewShadowIndicatorMaterial.uexp" 231
"../../../Engine/Content/EditorMaterials/MAT_Groups_Visibility.uasset" 232
"../../../Engine/Content/EditorMaterials/MAT_Groups_Visibility.uexp" 233
"../../../Engine/Content/EditorMaterials/MAT_Groups_Toggle.uasset" 234
"../../../Engine/Content/EditorMaterials/MAT_Groups_Toggle.uexp" 235
"../../../Engine/Content/Functions/Engine_MaterialFunctions02/Utility/MakeFloat4.uasset" 236
"../../../Engine/Content/Functions/Engine_MaterialFunctions02/Utility/MakeFloat4.uexp" 237
"../../../Engine/Content/Functions/Engine_MaterialFunctions02/Utility/MakeFloat3.uasset" 238
"../../../Engine/Content/Functions/Engine_MaterialFunctions02/Utility/MakeFloat3.uexp" 239
"../../../Engine/Content/Functions/Engine_MaterialFunctions02/Utility/BreakOutFloat3Components.uasset" 240
"../../../Engine/Content/Functions/Engine_MaterialFunctions02/Utility/BreakOutFloat3Components.uexp" 241
"../../../Engine/Content/EditorMaterials/WorldPartition/WorldPartitionSpatialHashGridPreviewMaterial.uasset" 242
"../../../Engine/Content/EditorMaterials/WorldPartition/WorldPartitionSpatialHashGridPreviewMaterial.uexp" 243
"../../../Engine/Content/EditorMaterials/ParticleSystems/PSysThumbnail_OOD.ubulk" 244
"../../../Engine/Content/EditorMaterials/ParticleSystems/PSysThumbnail_OOD.uasset" 245
"../../../Engine/Content/EditorMaterials/ParticleSystems/PSysThumbnail_OOD.uexp" 246
"../../../Engine/Content/EditorMaterials/ParticleSystems/PSysThumbnail_NoImage.ubulk" 247
"../../../Engine/Content/EditorMaterials/ParticleSystems/PSysThumbnail_NoImage.uasset" 248
"../../../Engine/Content/EditorMaterials/ParticleSystems/PSysThumbnail_NoImage.uexp" 249
"../../../Engine/Content/EditorMaterials/MatineeGroups/MAT_Groups_Vector.uasset" 250
"../../../Engine/Content/EditorMaterials/MatineeGroups/MAT_Groups_Vector.uexp" 251
"../../../Engine/Content/EditorMaterials/MatineeGroups/MAT_Groups_Sound.uasset" 252
"../../../Engine/Content/EditorMaterials/MatineeGroups/MAT_Groups_Sound.uexp" 253
"../../../Engine/Content/EditorMaterials/MatineeGroups/MAT_Groups_Slomo.uasset" 254
"../../../Engine/Content/EditorMaterials/MatineeGroups/MAT_Groups_Slomo.uexp" 255
"../../../Engine/Content/EditorMaterials/MatineeGroups/MAT_Groups_Move.uasset" 256
"../../../Engine/Content/EditorMaterials/MatineeGroups/MAT_Groups_Move.uexp" 257
"../../../Engine/Content/EditorMaterials/MatineeGroups/MAT_Groups_Float.uasset" 258
"../../../Engine/Content/EditorMaterials/MatineeGroups/MAT_Groups_Float.uexp" 259
"../../../Engine/Content/EditorMaterials/MatineeGroups/MAT_Groups_Fade.uasset" 260
"../../../Engine/Content/EditorMaterials/MatineeGroups/MAT_Groups_Fade.uexp" 261
"../../../Engine/Content/EditorMaterials/MatineeGroups/MAT_Groups_Event.uasset" 262
"../../../Engine/Content/EditorMaterials/MatineeGroups/MAT_Groups_Event.uexp" 263
"../../../Engine/Content/EditorMaterials/MatineeGroups/MAT_Groups_Director.uasset" 264
"../../../Engine/Content/EditorMaterials/MatineeGroups/MAT_Groups_Director.uexp" 265
"../../../Engine/Content/EditorMaterials/MatineeGroups/MAT_Groups_AudioMaster.uasset" 266
"../../../Engine/Content/EditorMaterials/MatineeGroups/MAT_Groups_AudioMaster.uexp" 267
"../../../Engine/Content/EditorMaterials/MatineeGroups/MAT_Groups_Anim.uasset" 268
"../../../Engine/Content/EditorMaterials/MatineeGroups/MAT_Groups_Anim.uexp" 269
"../../../Engine/Content/EditorMaterials/MatineeGroups/MAT_ColorTrack.uasset" 270
"../../../Engine/Content/EditorMaterials/MatineeGroups/MAT_ColorTrack.uexp" 271
"../../../Engine/Content/EditorLandscapeResources/DefaultAlphaTexture.uasset" 272
"../../../Engine/Content/EditorLandscapeResources/DefaultAlphaTexture.uexp" 273
"../../../Engine/Content/EditorLandscapeResources/DataLayer.uasset" 274
"../../../Engine/Content/EditorLandscapeResources/DataLayer.uexp" 275
"../../../Engine/Content/EngineMaterials/T_Default_Material_Grid_M.ubulk" 276
"../../../Engine/Content/EngineMaterials/T_Default_Material_Grid_M.uasset" 277
"../../../Engine/Content/EngineMaterials/T_Default_Material_Grid_M.uexp" 278
"../../../Engine/Content/EngineMaterials/T_Default_Material_Grid_N.ubulk" 279
"../../../Engine/Content/EngineMaterials/T_Default_Material_Grid_N.uasset" 280
"../../../Engine/Content/EngineMaterials/T_Default_Material_Grid_N.uexp" 281
"../../../Engine/Content/Functions/Engine_MaterialFunctions01/Opacity/CameraDepthFade.uasset" 282
"../../../Engine/Content/Functions/Engine_MaterialFunctions01/Opacity/CameraDepthFade.uexp" 283
"../../../Engine/Content/EngineMaterials/DefaultMaterial.uasset" 284
"../../../Engine/Content/EngineMaterials/DefaultMaterial.uexp" 285
"../../../Engine/Content/BasicShapes/Sphere.uasset" 286
"../../../Engine/Content/BasicShapes/Sphere.uexp" 287
"../../../Engine/Content/EngineMaterials/WorldGridMaterial.uasset" 288
"../../../Engine/Content/EngineMaterials/WorldGridMaterial.uexp" 289
"../../../Engine/Content/BasicShapes/Plane.uasset" 290
"../../../Engine/Content/BasicShapes/Plane.uexp" 291
"../../../Engine/Content/BasicShapes/Cylinder.uasset" 292
"../../../Engine/Content/BasicShapes/Cylinder.uexp" 293
"../../../Engine/Content/BasicShapes/Cube.uasset" 294
"../../../Engine/Content/BasicShapes/Cube.uexp" 295
"../../../Engine/Content/BasicShapes/Cone.uasset" 296
"../../../Engine/Content/BasicShapes/Cone.uexp" 297
"../../../Engine/Content/ArtTools/RenderToTexture/Meshes/S_1_Unit_Plane.uasset" 298
"../../../Engine/Content/ArtTools/RenderToTexture/Meshes/S_1_Unit_Plane.uexp" 299
"../../../Engine/Content/Tutorial/ContentIntroCurve.uasset" 300
"../../../Engine/Content/Tutorial/ContentIntroCurve.uexp" 301
"../../../Engine/Content/VREditor/TransformGizmo/Main.uasset" 302
"../../../Engine/Content/VREditor/TransformGizmo/Main.uexp" 303
"../../../Engine/Content/VREditor/TransformGizmo/Xray.uasset" 304
"../../../Engine/Content/VREditor/TransformGizmo/Xray.uexp" 305
"../../../Engine/Content/VREditor/TransformGizmo/SM_Sequencer_Node.uasset" 306
"../../../Engine/Content/VREditor/TransformGizmo/SM_Sequencer_Node.uexp" 307
"../../../Engine/Content/VREditor/LaserPointer/VR_LaserPower_01.ubulk" 308
"../../../Engine/Content/VREditor/LaserPointer/VR_LaserPower_01.uasset" 309
"../../../Engine/Content/VREditor/LaserPointer/VR_LaserPower_01.uexp" 310
"../../../Engine/Content/VREditor/TransformGizmo/TransformGizmoMaterial.uasset" 311
"../../../Engine/Content/VREditor/TransformGizmo/TransformGizmoMaterial.uexp" 312
"../../../Engine/Content/VREditor/TransformGizmo/TranslucentTransformGizmoMaterial.uasset" 313
"../../../Engine/Content/VREditor/TransformGizmo/TranslucentTransformGizmoMaterial.uexp" 314
"../../../Engine/Content/VREditor/TransformGizmo/PlaneTranslationHandle.uasset" 315
"../../../Engine/Content/VREditor/TransformGizmo/PlaneTranslationHandle.uexp" 316
"../../../Engine/Content/VREditor/TransformGizmo/BoundingBoxEdge.uasset" 317
"../../../Engine/Content/VREditor/TransformGizmo/BoundingBoxEdge.uexp" 318
"../../../Engine/Content/VREditor/TransformGizmo/BoundingBoxCorner.uasset" 319
"../../../Engine/Content/VREditor/TransformGizmo/BoundingBoxCorner.uexp" 320
"../../../Engine/Plugins/2D/Paper2D/Content/PlaceholderTextures/DummySpriteTexture.ubulk" 321
"../../../Engine/Plugins/2D/Paper2D/Content/PlaceholderTextures/DummySpriteTexture.uasset" 322
"../../../Engine/Plugins/2D/Paper2D/Content/PlaceholderTextures/DummySpriteTexture.uexp" 323
"../../../Engine/Plugins/2D/Paper2D/Content/DefaultSpriteMaterial.uasset" 324
"../../../Engine/Plugins/2D/Paper2D/Content/DefaultSpriteMaterial.uexp" 325
"../../../Engine/Plugins/2D/Paper2D/Content/OpaqueUnlitSpriteMaterial.uasset" 326
"../../../Engine/Plugins/2D/Paper2D/Content/OpaqueUnlitSpriteMaterial.uexp" 327
"../../../Engine/Plugins/2D/Paper2D/Content/MaskedUnlitSpriteMaterial.uasset" 328
"../../../Engine/Plugins/2D/Paper2D/Content/MaskedUnlitSpriteMaterial.uexp" 329
"../../../Engine/Plugins/2D/Paper2D/Content/DummySprite.uasset" 330
"../../../Engine/Plugins/2D/Paper2D/Content/DummySprite.uexp" 331
"../../../Engine/Plugins/2D/Paper2D/Content/DefaultPaperTerrainMaterial.uasset" 332
"../../../Engine/Plugins/2D/Paper2D/Content/DefaultPaperTerrainMaterial.uexp" 333
"../../../Engine/Plugins/Animation/ControlRig/Content/M_Manip.uasset" 334
"../../../Engine/Plugins/Animation/ControlRig/Content/M_Manip.uexp" 335
"../../../Engine/Plugins/Animation/ControlRig/Content/Controls/DefaultGizmoLibraryNormalized.uasset" 336
"../../../Engine/Plugins/Animation/ControlRig/Content/Controls/DefaultGizmoLibraryNormalized.uexp" 337
"../../../Engine/Plugins/Animation/ControlRig/Content/Controls/ControlRig_Wedge_solid.uasset" 338
"../../../Engine/Plugins/Animation/ControlRig/Content/Controls/ControlRig_Wedge_solid.uexp" 339
"../../../Engine/Plugins/Animation/ControlRig/Content/Controls/ControlRig_Wedge_3mm.uasset" 340
"../../../Engine/Plugins/Animation/ControlRig/Content/Controls/ControlRig_Wedge_3mm.uexp" 341
"../../../Engine/Plugins/Animation/ControlRig/Content/Controls/ControlRig_Wedge_1mm.uasset" 342
"../../../Engine/Plugins/Animation/ControlRig/Content/Controls/ControlRig_Wedge_1mm.uexp" 343
"../../../Engine/Plugins/Animation/ControlRig/Content/Controls/ControlRig_Triangle_solid.uasset" 344
"../../../Engine/Plugins/Animation/ControlRig/Content/Controls/ControlRig_Triangle_solid.uexp" 345
"../../../Engine/Plugins/Animation/ControlRig/Content/Controls/ControlRig_Triangle_3mm.uasset" 346
"../../../Engine/Plugins/Animation/ControlRig/Content/Controls/ControlRig_Triangle_3mm.uexp" 347
"../../../Engine/Plugins/Animation/ControlRig/Content/Controls/ControlRig_Triangle_1mm.uasset" 348
"../../../Engine/Plugins/Animation/ControlRig/Content/Controls/ControlRig_Triangle_1mm.uexp" 349
"../../../Engine/Plugins/Animation/ControlRig/Content/Controls/ControlRig_Star4_solid.uasset" 350
"../../../Engine/Plugins/Animation/ControlRig/Content/Controls/ControlRig_Star4_solid.uexp" 351
"../../../Engine/Plugins/Animation/ControlRig/Content/Controls/ControlRig_Star4_3mm.uasset" 352
"../../../Engine/Plugins/Animation/ControlRig/Content/Controls/ControlRig_Star4_3mm.uexp" 353
"../../../Engine/Plugins/Animation/ControlRig/Content/Controls/ControlRig_Star4_1mm.uasset" 354
"../../../Engine/Plugins/Animation/ControlRig/Content/Controls/ControlRig_Star4_1mm.uexp" 355
"../../../Engine/Plugins/Animation/ControlRig/Content/Controls/ControlRig_Square_solid.uasset" 356
"../../../Engine/Plugins/Animation/ControlRig/Content/Controls/ControlRig_Square_solid.uexp" 357
"../../../Engine/Plugins/Animation/ControlRig/Content/Controls/ControlRig_Square_3mm.uasset" 358
"../../../Engine/Plugins/Animation/ControlRig/Content/Controls/ControlRig_Square_3mm.uexp" 359
"../../../Engine/Plugins/Animation/ControlRig/Content/Controls/ControlRig_Square_1mm.uasset" 360
"../../../Engine/Plugins/Animation/ControlRig/Content/Controls/ControlRig_Square_1mm.uexp" 361
"../../../Engine/Plugins/Animation/ControlRig/Content/Controls/ControlRig_Sphere_solid.uasset" 362
"../../../Engine/Plugins/Animation/ControlRig/Content/Controls/ControlRig_Sphere_solid.uexp" 363
"../../../Engine/Plugins/Animation/ControlRig/Content/Controls/ControlRig_Sphere_3mm.uasset" 364
"../../../Engine/Plugins/Animation/ControlRig/Content/Controls/ControlRig_Sphere_3mm.uexp" 365
"../../../Engine/Plugins/Animation/ControlRig/Content/Controls/ControlRig_Sphere_1mm.uasset" 366
"../../../Engine/Plugins/Animation/ControlRig/Content/Controls/ControlRig_Sphere_1mm.uexp" 367
"../../../Engine/Plugins/Animation/ControlRig/Content/Controls/ControlRig_RoundedTriangle_solid.uasset" 368
"../../../Engine/Plugins/Animation/ControlRig/Content/Controls/ControlRig_RoundedTriangle_solid.uexp" 369
"../../../Engine/Plugins/Animation/ControlRig/Content/Controls/ControlRig_RoundedTriangle_3mm.uasset" 370
"../../../Engine/Plugins/Animation/ControlRig/Content/Controls/ControlRig_RoundedTriangle_3mm.uexp" 371
"../../../Engine/Plugins/Animation/ControlRig/Content/Controls/ControlRig_RoundedTriangle_1mm.uasset" 372
"../../../Engine/Plugins/Animation/ControlRig/Content/Controls/ControlRig_RoundedTriangle_1mm.uexp" 373
"../../../Engine/Plugins/Animation/ControlRig/Content/Controls/ControlRig_RoundedSquare_solid.uasset" 374
"../../../Engine/Plugins/Animation/ControlRig/Content/Controls/ControlRig_RoundedSquare_solid.uexp" 375
"../../../Engine/Plugins/Animation/ControlRig/Content/Controls/ControlRig_RoundedSquare_3mm.uasset" 376
"../../../Engine/Plugins/Animation/ControlRig/Content/Controls/ControlRig_RoundedSquare_3mm.uexp" 377
"../../../Engine/Plugins/Animation/ControlRig/Content/Controls/ControlRig_RoundedSquare_1mm.uasset" 378
"../../../Engine/Plugins/Animation/ControlRig/Content/Controls/ControlRig_RoundedSquare_1mm.uexp" 379
"../../../Engine/Plugins/Animation/ControlRig/Content/Controls/ControlRig_QuarterCircle_solid.uasset" 380
"../../../Engine/Plugins/Animation/ControlRig/Content/Controls/ControlRig_QuarterCircle_solid.uexp" 381
"../../../Engine/Plugins/Animation/ControlRig/Content/Controls/ControlRig_QuarterCircle_3mm.uasset" 382
"../../../Engine/Plugins/Animation/ControlRig/Content/Controls/ControlRig_QuarterCircle_3mm.uexp" 383
"../../../Engine/Plugins/Animation/ControlRig/Content/Controls/ControlRig_QuarterCircle_1mm.uasset" 384
"../../../Engine/Plugins/Animation/ControlRig/Content/Controls/ControlRig_QuarterCircle_1mm.uexp" 385
"../../../Engine/Plugins/Animation/ControlRig/Content/Controls/ControlRig_Pyramid_solid.uasset" 386
"../../../Engine/Plugins/Animation/ControlRig/Content/Controls/ControlRig_Pyramid_solid.uexp" 387
"../../../Engine/Plugins/Animation/ControlRig/Content/Controls/ControlRig_Pyramid_3mm.uasset" 388
"../../../Engine/Plugins/Animation/ControlRig/Content/Controls/ControlRig_Pyramid_3mm.uexp" 389
"../../../Engine/Plugins/Animation/ControlRig/Content/Controls/ControlRig_Pyramid_1mm.uasset" 390
"../../../Engine/Plugins/Animation/ControlRig/Content/Controls/ControlRig_Pyramid_1mm.uexp" 391
"../../../Engine/Plugins/Animation/ControlRig/Content/Controls/ControlRig_Octagon_solid.uasset" 392
"../../../Engine/Plugins/Animation/ControlRig/Content/Controls/ControlRig_Octagon_solid.uexp" 393
"../../../Engine/Plugins/Animation/ControlRig/Content/Controls/ControlRig_Octagon_3mm.uasset" 394
"../../../Engine/Plugins/Animation/ControlRig/Content/Controls/ControlRig_Octagon_3mm.uexp" 395
"../../../Engine/Plugins/Animation/ControlRig/Content/Controls/ControlRig_Octagon_1mm.uasset" 396
"../../../Engine/Plugins/Animation/ControlRig/Content/Controls/ControlRig_Octagon_1mm.uexp" 397
"../../../Engine/Plugins/Animation/ControlRig/Content/Controls/ControlRig_Hexagon_solid.uasset" 398
"../../../Engine/Plugins/Animation/ControlRig/Content/Controls/ControlRig_Hexagon_solid.uexp" 399
"../../../Engine/Plugins/Animation/ControlRig/Content/Controls/ControlRig_Hexagon_3mm.uasset" 400
"../../../Engine/Plugins/Animation/ControlRig/Content/Controls/ControlRig_Hexagon_3mm.uexp" 401
"../../../Engine/Plugins/Animation/ControlRig/Content/Controls/ControlRig_Hexagon_1mm.uasset" 402
"../../../Engine/Plugins/Animation/ControlRig/Content/Controls/ControlRig_Hexagon_1mm.uexp" 403
"../../../Engine/Plugins/Animation/ControlRig/Content/Controls/ControlRig_HalfCircle_solid.uasset" 404
"../../../Engine/Plugins/Animation/ControlRig/Content/Controls/ControlRig_HalfCircle_solid.uexp" 405
"../../../Engine/Plugins/Animation/ControlRig/Content/Controls/ControlRig_HalfCircle_3mm.uasset" 406
"../../../Engine/Plugins/Animation/ControlRig/Content/Controls/ControlRig_HalfCircle_3mm.uexp" 407
"../../../Engine/Plugins/Animation/ControlRig/Content/Controls/ControlRig_HalfCircle_1mm.uasset" 408
"../../../Engine/Plugins/Animation/ControlRig/Content/Controls/ControlRig_HalfCircle_1mm.uexp" 409
"../../../Engine/Plugins/Animation/ControlRig/Content/Controls/ControlRig_Diamond_solid.uasset" 410
"../../../Engine/Plugins/Animation/ControlRig/Content/Controls/ControlRig_Diamond_solid.uexp" 411
"../../../Engine/Plugins/Animation/ControlRig/Content/Controls/ControlRig_Diamond_3mm.uasset" 412
"../../../Engine/Plugins/Animation/ControlRig/Content/Controls/ControlRig_Diamond_3mm.uexp" 413
"../../../Engine/Plugins/Animation/ControlRig/Content/Controls/ControlRig_Diamond_1mm.uasset" 414
"../../../Engine/Plugins/Animation/ControlRig/Content/Controls/ControlRig_Diamond_1mm.uexp" 415
"../../../Engine/Plugins/Animation/ControlRig/Content/Controls/ControlRig_Circle_solid.uasset" 416
"../../../Engine/Plugins/Animation/ControlRig/Content/Controls/ControlRig_Circle_solid.uexp" 417
"../../../Engine/Plugins/Animation/ControlRig/Content/Controls/ControlRig_Circle_3mm.uasset" 418
"../../../Engine/Plugins/Animation/ControlRig/Content/Controls/ControlRig_Circle_3mm.uexp" 419
"../../../Engine/Plugins/Animation/ControlRig/Content/Controls/ControlRig_Circle_1mm.uasset" 420
"../../../Engine/Plugins/Animation/ControlRig/Content/Controls/ControlRig_Circle_1mm.uexp" 421
"../../../Engine/Plugins/Animation/ControlRig/Content/Controls/ControlRig_Box_solid.uasset" 422
"../../../Engine/Plugins/Animation/ControlRig/Content/Controls/ControlRig_Box_solid.uexp" 423
"../../../Engine/Plugins/Animation/ControlRig/Content/Controls/ControlRig_Box_3mm.uasset" 424
"../../../Engine/Plugins/Animation/ControlRig/Content/Controls/ControlRig_Box_3mm.uexp" 425
"../../../Engine/Plugins/Animation/ControlRig/Content/Controls/ControlRig_Box_1mm.uasset" 426
"../../../Engine/Plugins/Animation/ControlRig/Content/Controls/ControlRig_Box_1mm.uexp" 427
"../../../Engine/Plugins/Animation/ControlRig/Content/Controls/ControlRig_Arrow_solid.uasset" 428
"../../../Engine/Plugins/Animation/ControlRig/Content/Controls/ControlRig_Arrow_solid.uexp" 429
"../../../Engine/Plugins/Animation/ControlRig/Content/Controls/ControlRig_Arrow_3mm.uasset" 430
"../../../Engine/Plugins/Animation/ControlRig/Content/Controls/ControlRig_Arrow_3mm.uexp" 431
"../../../Engine/Plugins/Animation/ControlRig/Content/Controls/ControlRig_Arrow_1mm.uasset" 432
"../../../Engine/Plugins/Animation/ControlRig/Content/Controls/ControlRig_Arrow_1mm.uexp" 433
"../../../Engine/Plugins/Animation/ControlRig/Content/Controls/ControlRig_Arrow4_solid.uasset" 434
"../../../Engine/Plugins/Animation/ControlRig/Content/Controls/ControlRig_Arrow4_solid.uexp" 435
"../../../Engine/Plugins/Animation/ControlRig/Content/Controls/ControlRig_Arrow4_3mm.uasset" 436
"../../../Engine/Plugins/Animation/ControlRig/Content/Controls/ControlRig_Arrow4_3mm.uexp" 437
"../../../Engine/Plugins/Animation/ControlRig/Content/Controls/ControlRig_Arrow4_1mm.uasset" 438
"../../../Engine/Plugins/Animation/ControlRig/Content/Controls/ControlRig_Arrow4_1mm.uexp" 439
"../../../Engine/Plugins/Animation/ControlRig/Content/Controls/ControlRig_Arrow2_solid.uasset" 440
"../../../Engine/Plugins/Animation/ControlRig/Content/Controls/ControlRig_Arrow2_solid.uexp" 441
"../../../Engine/Plugins/Animation/ControlRig/Content/Controls/ControlRig_Arrow2_3mm.uasset" 442
"../../../Engine/Plugins/Animation/ControlRig/Content/Controls/ControlRig_Arrow2_3mm.uexp" 443
"../../../Engine/Plugins/Animation/ControlRig/Content/Controls/ControlRig_Arrow2_1mm.uasset" 444
"../../../Engine/Plugins/Animation/ControlRig/Content/Controls/ControlRig_Arrow2_1mm.uexp" 445
"../../../Engine/Plugins/Animation/ControlRig/Content/Controls/ControlRigGizmoMaterial.uasset" 446
"../../../Engine/Plugins/Animation/ControlRig/Content/Controls/ControlRigGizmoMaterial.uexp" 447
"../../../Engine/Plugins/Editor/SpeedTreeImporter/Content/SpeedTree9/game_wind_noise.ubulk" 448
"../../../Engine/Plugins/Editor/SpeedTreeImporter/Content/SpeedTree9/game_wind_noise.uasset" 449
"../../../Engine/Plugins/Editor/SpeedTreeImporter/Content/SpeedTree9/game_wind_noise.uexp" 450
"../../../Engine/Plugins/Editor/SpeedTreeImporter/Content/SpeedTree9/UnpackDirection.uasset" 451
"../../../Engine/Plugins/Editor/SpeedTreeImporter/Content/SpeedTree9/UnpackDirection.uexp" 452
"../../../Engine/Content/Functions/Engine_MaterialFunctions02/ObjectLocalBounds.uasset" 453
"../../../Engine/Content/Functions/Engine_MaterialFunctions02/ObjectLocalBounds.uexp" 454
"../../../Engine/Content/Functions/Engine_MaterialFunctions02/UVs/BoundingBoxBased_0-1_UVW.uasset" 455
"../../../Engine/Content/Functions/Engine_MaterialFunctions02/UVs/BoundingBoxBased_0-1_UVW.uexp" 456
"../../../Engine/Content/Functions/Engine_MaterialFunctions02/Utility/VectorLength.uasset" 457
"../../../Engine/Content/Functions/Engine_MaterialFunctions02/Utility/VectorLength.uexp" 458
"../../../Engine/Plugins/Editor/SpeedTreeImporter/Content/SpeedTree9/UnpackInteger3.uasset" 459
"../../../Engine/Plugins/Editor/SpeedTreeImporter/Content/SpeedTree9/UnpackInteger3.uexp" 460
"../../../Engine/Plugins/Editor/SpeedTreeImporter/Content/SpeedTree9/SpeedTreeCameraFacing.uasset" 461
"../../../Engine/Plugins/Editor/SpeedTreeImporter/Content/SpeedTree9/SpeedTreeCameraFacing.uexp" 462
"../../../Engine/Content/Functions/Engine_MaterialFunctions02/WorldPositionOffset/ObjectScale.uasset" 463
"../../../Engine/Content/Functions/Engine_MaterialFunctions02/WorldPositionOffset/ObjectScale.uexp" 464
"../../../Engine/Content/Functions/Engine_MaterialFunctions02/SafeNormalize.uasset" 465
"../../../Engine/Content/Functions/Engine_MaterialFunctions02/SafeNormalize.uexp" 466
"../../../Engine/Plugins/Editor/SpeedTreeImporter/Content/SpeedTree9/SpeedTreeWindMotion.uasset" 467
"../../../Engine/Plugins/Editor/SpeedTreeImporter/Content/SpeedTree9/SpeedTreeWindMotion.uexp" 468
"../../../Engine/Plugins/Editor/SpeedTreeImporter/Content/SpeedTree9/SpeedTreeBranchMotion.uasset" 469
"../../../Engine/Plugins/Editor/SpeedTreeImporter/Content/SpeedTree9/SpeedTreeBranchMotion.uexp" 470
"../../../Engine/Plugins/Editor/SpeedTreeImporter/Content/SpeedTree9/SpeedTreeWind.uasset" 471
"../../../Engine/Plugins/Editor/SpeedTreeImporter/Content/SpeedTree9/SpeedTreeWind.uexp" 472
"../../../Engine/Plugins/Editor/SpeedTreeImporter/Content/SpeedTree9/EmptyNormal.uasset" 473
"../../../Engine/Plugins/Editor/SpeedTreeImporter/Content/SpeedTree9/EmptyNormal.uexp" 474
"../../../Engine/Plugins/Editor/SpeedTreeImporter/Content/SpeedTree9/Empty.uasset" 475
"../../../Engine/Plugins/Editor/SpeedTreeImporter/Content/SpeedTree9/Empty.uexp" 476
"../../../Engine/Plugins/Editor/SpeedTreeImporter/Content/SpeedTree9/SpeedTreeMaster.uasset" 477
"../../../Engine/Plugins/Editor/SpeedTreeImporter/Content/SpeedTree9/SpeedTreeMaster.uexp" 478
"../../../Engine/Plugins/Editor/SpeedTreeImporter/Content/SpeedTree9/SpeedTreeBillboard.uasset" 479
"../../../Engine/Plugins/Editor/SpeedTreeImporter/Content/SpeedTree9/SpeedTreeBillboard.uexp" 480
"../../../Engine/Plugins/Editor/SpeedTreeImporter/Content/SpeedTree9/SpeedTreeBillboardMaster.uasset" 481
"../../../Engine/Plugins/Editor/SpeedTreeImporter/Content/SpeedTree9/SpeedTreeBillboardMaster.uexp" 482
"../../../Engine/Content/EngineResources/DefaultTexture.ubulk" 483
"../../../Engine/Content/EngineResources/DefaultTexture.uasset" 484
"../../../Engine/Content/EngineResources/DefaultTexture.uexp" 485
"../../../Engine/Plugins/Runtime/AR/ARUtilities/Content/Materials/MF_DistanceColorLerp.uasset" 486
"../../../Engine/Plugins/Runtime/AR/ARUtilities/Content/Materials/MF_DistanceColorLerp.uexp" 487
"../../../Engine/Plugins/Runtime/AR/ARUtilities/Content/Materials/M_DepthColoration.uasset" 488
"../../../Engine/Plugins/Runtime/AR/ARUtilities/Content/Materials/M_DepthColoration.uexp" 489
"../../../Engine/Plugins/Runtime/AR/ARUtilities/Content/Materials/DummyExternalTexture.uasset" 490
"../../../Engine/Plugins/Runtime/AR/ARUtilities/Content/Materials/DummyExternalTexture.uexp" 491
"../../../Engine/Plugins/Runtime/AR/ARUtilities/Content/Materials/M_ScreenSpacePassthroughCamera.uasset" 492
"../../../Engine/Plugins/Runtime/AR/ARUtilities/Content/Materials/M_ScreenSpacePassthroughCamera.uexp" 493
"../../../Engine/Plugins/Runtime/AR/ARUtilities/Content/Materials/MI_ScreenSpacePassthroughCameraExternalTexture.uasset" 494
"../../../Engine/Plugins/Runtime/AR/ARUtilities/Content/Materials/MI_ScreenSpacePassthroughCameraExternalTexture.uexp" 495
"../../../Engine/Plugins/Runtime/AR/ARUtilities/Content/Materials/M_PassthroughCamera.uasset" 496
"../../../Engine/Plugins/Runtime/AR/ARUtilities/Content/Materials/M_PassthroughCamera.uexp" 497
"../../../Engine/Plugins/Runtime/AR/ARUtilities/Content/Materials/MI_PassthroughCameraExternalTexture.uasset" 498
"../../../Engine/Plugins/Runtime/AR/ARUtilities/Content/Materials/MI_PassthroughCameraExternalTexture.uexp" 499
"../../../Engine/Plugins/Runtime/AR/Google/GoogleARCore/Content/M_SceneDepthOcclusion.uasset" 500
"../../../Engine/Plugins/Runtime/AR/Google/GoogleARCore/Content/M_SceneDepthOcclusion.uexp" 501
"../../../Engine/Plugins/Runtime/HairStrands/Content/Materials/HairMeshesDefaultMaterial.uasset" 502
"../../../Engine/Plugins/Runtime/HairStrands/Content/Materials/HairMeshesDefaultMaterial.uexp" 503
"../../../Engine/Plugins/Runtime/HairStrands/Content/Materials/HairDefaultMaterial.uasset" 504
"../../../Engine/Plugins/Runtime/HairStrands/Content/Materials/HairDefaultMaterial.uexp" 505
"../../../Engine/Plugins/Runtime/HairStrands/Content/Materials/HairGroupColors.uasset" 506
"../../../Engine/Plugins/Runtime/HairStrands/Content/Materials/HairGroupColors.uexp" 507
"../../../Engine/Content/EngineMaterials/HairColorMap.uasset" 508
"../../../Engine/Content/EngineMaterials/HairColorMap.uexp" 509
"../../../Engine/Content/EngineMaterials/HairDebugColor.uasset" 510
"../../../Engine/Content/EngineMaterials/HairDebugColor.uexp" 511
"../../../Engine/Plugins/Runtime/HairStrands/Content/Materials/HairDebugMaterial.uasset" 512
"../../../Engine/Plugins/Runtime/HairStrands/Content/Materials/HairDebugMaterial.uexp" 513
"../../../Engine/Plugins/Runtime/HairStrands/Content/Materials/HairCardsDefaultMaterial.uasset" 514
"../../../Engine/Plugins/Runtime/HairStrands/Content/Materials/HairCardsDefaultMaterial.uexp" 515
"../../../Engine/Content/Maps/Entry_BuiltData.uasset" 516
"../../../Engine/Content/Maps/Entry_BuiltData.uexp" 517
"../../../Engine/Content/Maps/Entry.uexp" 518
"../../../Engine/Content/Maps/Entry.umap" 519
"D:/Users/Enrico/Documents/Unreal Projects/ARImageT503/Content/AR_IMG_TUTORIAL/AR_imgCONTROLLER.uasset" 520
"D:/Users/Enrico/Documents/Unreal Projects/ARImageT503/Content/AR_IMG_TUTORIAL/AR_imgCONTROLLER.uexp" 521
"D:/Users/Enrico/Documents/Unreal Projects/ARImageT503/Content/AR_IMG_TUTORIAL/AR_Actor/Model/NewARCADEBUTTON_Cover_Normal.ubulk" 522
"D:/Users/Enrico/Documents/Unreal Projects/ARImageT503/Content/AR_IMG_TUTORIAL/AR_Actor/Model/NewARCADEBUTTON_Cover_Normal.uasset" 523
"D:/Users/Enrico/Documents/Unreal Projects/ARImageT503/Content/AR_IMG_TUTORIAL/AR_Actor/Model/NewARCADEBUTTON_Cover_Normal.uexp" 524
"D:/Users/Enrico/Documents/Unreal Projects/ARImageT503/Content/AR_IMG_TUTORIAL/AR_Actor/Model/NewARCADEBUTTON_Cover_BaseColorB.ubulk" 525
"D:/Users/Enrico/Documents/Unreal Projects/ARImageT503/Content/AR_IMG_TUTORIAL/AR_Actor/Model/NewARCADEBUTTON_Cover_BaseColorB.uasset" 526
"D:/Users/Enrico/Documents/Unreal Projects/ARImageT503/Content/AR_IMG_TUTORIAL/AR_Actor/Model/NewARCADEBUTTON_Cover_BaseColorB.uexp" 527
"D:/Users/Enrico/Documents/Unreal Projects/ARImageT503/Content/AR_IMG_TUTORIAL/AR_Actor/Model/NewARCADEBUTTON_Cover_OcclusionRoughnessMetallic.ubulk" 528
"D:/Users/Enrico/Documents/Unreal Projects/ARImageT503/Content/AR_IMG_TUTORIAL/AR_Actor/Model/NewARCADEBUTTON_Cover_OcclusionRoughnessMetallic.uasset" 529
"D:/Users/Enrico/Documents/Unreal Projects/ARImageT503/Content/AR_IMG_TUTORIAL/AR_Actor/Model/NewARCADEBUTTON_Cover_OcclusionRoughnessMetallic.uexp" 530
"D:/Users/Enrico/Documents/Unreal Projects/ARImageT503/Content/AR_IMG_TUTORIAL/AR_Actor/Model/lambert3.uasset" 531
"D:/Users/Enrico/Documents/Unreal Projects/ARImageT503/Content/AR_IMG_TUTORIAL/AR_Actor/Model/lambert3.uexp" 532
"D:/Users/Enrico/Documents/Unreal Projects/ARImageT503/Content/AR_IMG_TUTORIAL/AR_Actor/Model/lambert3_Blu.uasset" 533
"D:/Users/Enrico/Documents/Unreal Projects/ARImageT503/Content/AR_IMG_TUTORIAL/AR_Actor/Model/lambert3_Blu.uexp" 534
"D:/Users/Enrico/Documents/Unreal Projects/ARImageT503/Content/AR_IMG_TUTORIAL/AR_Actor/Model/NewARCADEBUTTON_Cover.uasset" 535
"D:/Users/Enrico/Documents/Unreal Projects/ARImageT503/Content/AR_IMG_TUTORIAL/AR_Actor/Model/NewARCADEBUTTON_Cover.uexp" 536
"D:/Users/Enrico/Documents/Unreal Projects/ARImageT503/Content/AR_IMG_TUTORIAL/AR_Actor/Model/NewARCADEBUTTON_Button_Normal.ubulk" 537
"D:/Users/Enrico/Documents/Unreal Projects/ARImageT503/Content/AR_IMG_TUTORIAL/AR_Actor/Model/NewARCADEBUTTON_Button_Normal.uasset" 538
"D:/Users/Enrico/Documents/Unreal Projects/ARImageT503/Content/AR_IMG_TUTORIAL/AR_Actor/Model/NewARCADEBUTTON_Button_Normal.uexp" 539
"D:/Users/Enrico/Documents/Unreal Projects/ARImageT503/Content/AR_IMG_TUTORIAL/AR_Actor/Model/NewARCADEBUTTON_Button_BaseColorB.ubulk" 540
"D:/Users/Enrico/Documents/Unreal Projects/ARImageT503/Content/AR_IMG_TUTORIAL/AR_Actor/Model/NewARCADEBUTTON_Button_BaseColorB.uasset" 541
"D:/Users/Enrico/Documents/Unreal Projects/ARImageT503/Content/AR_IMG_TUTORIAL/AR_Actor/Model/NewARCADEBUTTON_Button_BaseColorB.uexp" 542
"D:/Users/Enrico/Documents/Unreal Projects/ARImageT503/Content/AR_IMG_TUTORIAL/AR_Actor/Model/NewARCADEBUTTON_Button_OcclusionRoughnessMetallic.ubulk" 543
"D:/Users/Enrico/Documents/Unreal Projects/ARImageT503/Content/AR_IMG_TUTORIAL/AR_Actor/Model/NewARCADEBUTTON_Button_OcclusionRoughnessMetallic.uasset" 544
"D:/Users/Enrico/Documents/Unreal Projects/ARImageT503/Content/AR_IMG_TUTORIAL/AR_Actor/Model/NewARCADEBUTTON_Button_OcclusionRoughnessMetallic.uexp" 545
"D:/Users/Enrico/Documents/Unreal Projects/ARImageT503/Content/AR_IMG_TUTORIAL/AR_Actor/Model/lambert4.uasset" 546
"D:/Users/Enrico/Documents/Unreal Projects/ARImageT503/Content/AR_IMG_TUTORIAL/AR_Actor/Model/lambert4.uexp" 547
"D:/Users/Enrico/Documents/Unreal Projects/ARImageT503/Content/AR_IMG_TUTORIAL/AR_Actor/Model/lambert4_Blu.uasset" 548
"D:/Users/Enrico/Documents/Unreal Projects/ARImageT503/Content/AR_IMG_TUTORIAL/AR_Actor/Model/lambert4_Blu.uexp" 549
"D:/Users/Enrico/Documents/Unreal Projects/ARImageT503/Content/AR_IMG_TUTORIAL/AR_Actor/Model/NewARCADEBUTTON_Button.uasset" 550
"D:/Users/Enrico/Documents/Unreal Projects/ARImageT503/Content/AR_IMG_TUTORIAL/AR_Actor/Model/NewARCADEBUTTON_Button.uexp" 551
"D:/Users/Enrico/Documents/Unreal Projects/ARImageT503/Content/AR_IMG_TUTORIAL/AR_Actor/Sound/clickButtonArcade.ubulk" 552
"D:/Users/Enrico/Documents/Unreal Projects/ARImageT503/Content/AR_IMG_TUTORIAL/AR_Actor/Sound/clickButtonArcade.uasset" 553
"D:/Users/Enrico/Documents/Unreal Projects/ARImageT503/Content/AR_IMG_TUTORIAL/AR_Actor/Sound/clickButtonArcade.uexp" 554
"D:/Users/Enrico/Documents/Unreal Projects/ARImageT503/Content/AR_IMG_TUTORIAL/AR_Actor/AR_ButtonBlu.uasset" 555
"D:/Users/Enrico/Documents/Unreal Projects/ARImageT503/Content/AR_IMG_TUTORIAL/AR_Actor/AR_ButtonBlu.uexp" 556
"D:/Users/Enrico/Documents/Unreal Projects/ARImageT503/Content/AR_IMG_TUTORIAL/AR_DATA/AICS.uasset" 557
"D:/Users/Enrico/Documents/Unreal Projects/ARImageT503/Content/AR_IMG_TUTORIAL/AR_DATA/AICS.uexp" 558
"D:/Users/Enrico/Documents/Unreal Projects/ARImageT503/Content/AR_IMG_TUTORIAL/AR_DATA/AR_ImgD_AICS.uasset" 559
"D:/Users/Enrico/Documents/Unreal Projects/ARImageT503/Content/AR_IMG_TUTORIAL/AR_DATA/AR_ImgD_AICS.uexp" 560
"D:/Users/Enrico/Documents/Unreal Projects/ARImageT503/Content/AR_IMG_TUTORIAL/AR_DATA/Cadfrara.uasset" 561
"D:/Users/Enrico/Documents/Unreal Projects/ARImageT503/Content/AR_IMG_TUTORIAL/AR_DATA/Cadfrara.uexp" 562
"D:/Users/Enrico/Documents/Unreal Projects/ARImageT503/Content/AR_IMG_TUTORIAL/AR_DATA/AR_ImgD_CADFRA.uasset" 563
"D:/Users/Enrico/Documents/Unreal Projects/ARImageT503/Content/AR_IMG_TUTORIAL/AR_DATA/AR_ImgD_CADFRA.uexp" 564
"D:/Users/Enrico/Documents/Unreal Projects/ARImageT503/Content/AR_IMG_TUTORIAL/AR_Actor/AR_ButtonRed.uasset" 565
"D:/Users/Enrico/Documents/Unreal Projects/ARImageT503/Content/AR_IMG_TUTORIAL/AR_Actor/AR_ButtonRed.uexp" 566
"D:/Users/Enrico/Documents/Unreal Projects/ARImageT503/Content/AR_IMG_TUTORIAL/AR_Master.uasset" 567
"D:/Users/Enrico/Documents/Unreal Projects/ARImageT503/Content/AR_IMG_TUTORIAL/AR_Master.uexp" 568
"D:/Users/Enrico/Documents/Unreal Projects/ARImageT503/Content/AR_IMG_TUTORIAL/AR_DATA/AR_img_SessionConfig.uasset" 569
"D:/Users/Enrico/Documents/Unreal Projects/ARImageT503/Content/AR_IMG_TUTORIAL/AR_DATA/AR_img_SessionConfig.uexp" 570
"D:/Users/Enrico/Documents/Unreal Projects/ARImageT503/Content/AR_IMG_TUTORIAL/AR_ImgPAWN.uasset" 571
"D:/Users/Enrico/Documents/Unreal Projects/ARImageT503/Content/AR_IMG_TUTORIAL/AR_ImgPAWN.uexp" 572
"../../../Engine/Content/EditorBlueprintResources/StandardMacros.uasset" 573
"../../../Engine/Content/EditorBlueprintResources/StandardMacros.uexp" 574
"D:/Users/Enrico/Documents/Unreal Projects/ARImageT503/Content/AR_IMG_TUTORIAL/AR_ImgGAME.uasset" 575
"D:/Users/Enrico/Documents/Unreal Projects/ARImageT503/Content/AR_IMG_TUTORIAL/AR_ImgGAME.uexp" 576
"D:/Users/Enrico/Documents/Unreal Projects/ARImageT503/Content/AR_IMG_MapTutorial_BuiltData.uasset" 577
"D:/Users/Enrico/Documents/Unreal Projects/ARImageT503/Content/AR_IMG_MapTutorial_BuiltData.uexp" 578
"D:/Users/Enrico/Documents/Unreal Projects/ARImageT503/Content/AR_IMG_MapTutorial.uexp" 579
"D:/Users/Enrico/Documents/Unreal Projects/ARImageT503/Content/AR_IMG_MapTutorial.umap" 580
