"../../../Engine/Content/Functions/Engine_MaterialFunctions01/Shading/PowerToRoughness.uasset" 0
"../../../Engine/Content/Functions/Engine_MaterialFunctions01/Shading/PowerToRoughness.uexp" 1
"../../../Engine/Content/Functions/Engine_MaterialFunctions01/Shading/ConvertFromDiffSpec.uasset" 2
"../../../Engine/Content/Functions/Engine_MaterialFunctions01/Shading/ConvertFromDiffSpec.uexp" 3
"../../../Engine/Content/EngineSounds/Master.uasset" 4
"../../../Engine/Content/EngineSounds/Master.uexp" 5
"../../../Engine/Content/EngineSky/VolumetricClouds/CloudWeatherTexture.uasset" 6
"../../../Engine/Content/EngineSky/VolumetricClouds/CloudWeatherTexture.uexp" 7
"../../../Engine/Content/Functions/Engine_MaterialFunctions02/Utility/MakeFloat2.uasset" 8
"../../../Engine/Content/Functions/Engine_MaterialFunctions02/Utility/MakeFloat2.uexp" 9
"../../../Engine/Content/EngineSky/VolumetricClouds/CloudGradientTexture.uasset" 10
"../../../Engine/Content/EngineSky/VolumetricClouds/CloudGradientTexture.uexp" 11
"../../../Engine/Content/EngineSky/VolumetricClouds/T_NoiseShape64.ubulk" 12
"../../../Engine/Content/EngineSky/VolumetricClouds/T_NoiseShape64.uasset" 13
"../../../Engine/Content/EngineSky/VolumetricClouds/T_NoiseShape64.uexp" 14
"../../../Engine/Content/EngineSky/VolumetricClouds/T_VolumeNoiseShape64.uasset" 15
"../../../Engine/Content/EngineSky/VolumetricClouds/T_VolumeNoiseShape64.uexp" 16
"../../../Engine/Content/EngineSky/VolumetricClouds/T_NoiseErosion.ubulk" 17
"../../../Engine/Content/EngineSky/VolumetricClouds/T_NoiseErosion.uasset" 18
"../../../Engine/Content/EngineSky/VolumetricClouds/T_NoiseErosion.uexp" 19
"../../../Engine/Content/EngineSky/VolumetricClouds/T_VolumeNoiseErosion32.uasset" 20
"../../../Engine/Content/EngineSky/VolumetricClouds/T_VolumeNoiseErosion32.uexp" 21
"../../../Engine/Content/EngineSky/VolumetricClouds/m_SimpleVolumetricCloud.uasset" 22
"../../../Engine/Content/EngineSky/VolumetricClouds/m_SimpleVolumetricCloud.uexp" 23
"../../../Engine/Content/EngineSky/VolumetricClouds/m_SimpleVolumetricCloud_Inst.uasset" 24
"../../../Engine/Content/EngineSky/VolumetricClouds/m_SimpleVolumetricCloud_Inst.uexp" 25
"../../../Engine/Content/EngineResources/GradientTexture0.uasset" 26
"../../../Engine/Content/EngineResources/GradientTexture0.uexp" 27
"../../../Engine/Content/EngineResources/DefaultVolumeTexture2D.uasset" 28
"../../../Engine/Content/EngineResources/DefaultVolumeTexture2D.uexp" 29
"../../../Engine/Content/EngineResources/DefaultVolumeTexture.uasset" 30
"../../../Engine/Content/EngineResources/DefaultVolumeTexture.uexp" 31
"../../../Engine/Content/EngineResources/DefaultTextureCube.uasset" 32
"../../../Engine/Content/EngineResources/DefaultTextureCube.uexp" 33
"../../../Engine/Content/EngineResources/Black.uasset" 34
"../../../Engine/Content/EngineResources/Black.uexp" 35
"../../../Engine/Content/EngineResources/FilmGrains/Marcie_Grain_v3_128_M2_000.uasset" 36
"../../../Engine/Content/EngineResources/FilmGrains/Marcie_Grain_v3_128_M2_000.uexp" 37
"../../../Engine/Content/EngineMeshes/Sphere.uasset" 38
"../../../Engine/Content/EngineMeshes/Sphere.uexp" 39
"../../../Engine/Content/EngineResources/WhiteSquareTexture.uasset" 40
"../../../Engine/Content/EngineResources/WhiteSquareTexture.uexp" 41
"../../../Engine/Content/EngineMaterials/Widget3DPassThrough.uasset" 42
"../../../Engine/Content/EngineMaterials/Widget3DPassThrough.uexp" 43
"../../../Engine/Content/EngineMaterials/Widget3DPassThrough_Translucent.uasset" 44
"../../../Engine/Content/EngineMaterials/Widget3DPassThrough_Translucent.uexp" 45
"../../../Engine/Content/EngineMaterials/Widget3DPassThrough_Translucent_OneSided.uasset" 46
"../../../Engine/Content/EngineMaterials/Widget3DPassThrough_Translucent_OneSided.uexp" 47
"../../../Engine/Content/EngineMaterials/Widget3DPassThrough_Opaque.uasset" 48
"../../../Engine/Content/EngineMaterials/Widget3DPassThrough_Opaque.uexp" 49
"../../../Engine/Content/EngineMaterials/Widget3DPassThrough_Opaque_OneSided.uasset" 50
"../../../Engine/Content/EngineMaterials/Widget3DPassThrough_Opaque_OneSided.uexp" 51
"../../../Engine/Content/EngineMaterials/Widget3DPassThrough_Masked_OneSided.uasset" 52
"../../../Engine/Content/EngineMaterials/Widget3DPassThrough_Masked_OneSided.uexp" 53
"../../../Engine/Content/EngineMaterials/Widget3DPassThrough_Masked.uasset" 54
"../../../Engine/Content/EngineMaterials/Widget3DPassThrough_Masked.uexp" 55
"../../../Engine/Content/EngineMaterials/WeightMapPlaceholderTexture.uasset" 56
"../../../Engine/Content/EngineMaterials/WeightMapPlaceholderTexture.uexp" 57
"../../../Engine/Content/EngineMaterials/RemoveSurfaceMaterial.uasset" 58
"../../../Engine/Content/EngineMaterials/RemoveSurfaceMaterial.uexp" 59
"../../../Engine/Content/EngineMaterials/PreintegratedSkinBRDF.uasset" 60
"../../../Engine/Content/EngineMaterials/PreintegratedSkinBRDF.uexp" 61
"../../../Engine/Content/EngineMaterials/DefaultCalibrationGrayscale.uasset" 62
"../../../Engine/Content/EngineMaterials/DefaultCalibrationGrayscale.uexp" 63
"../../../Engine/Content/EngineMaterials/PPM_DefaultCalibrationGrayscale.uasset" 64
"../../../Engine/Content/EngineMaterials/PPM_DefaultCalibrationGrayscale.uexp" 65
"../../../Engine/Content/EngineMaterials/DefaultCalibrationColor.uasset" 66
"../../../Engine/Content/EngineMaterials/DefaultCalibrationColor.uexp" 67
"../../../Engine/Content/EngineMaterials/PPM_DefaultCalibrationColor.uasset" 68
"../../../Engine/Content/EngineMaterials/PPM_DefaultCalibrationColor.uexp" 69
"../../../Engine/Content/Functions/Engine_MaterialFunctions02/WorldPositionOffset/CameraOffset.uasset" 70
"../../../Engine/Content/Functions/Engine_MaterialFunctions02/WorldPositionOffset/CameraOffset.uexp" 71
"../../../Engine/Content/EngineMaterials/PhAT_JointLimitMaterial.uasset" 72
"../../../Engine/Content/EngineMaterials/PhAT_JointLimitMaterial.uexp" 73
"../../../Engine/Content/EngineMaterials/InvalidLightmapSettings.ubulk" 74
"../../../Engine/Content/EngineMaterials/InvalidLightmapSettings.uasset" 75
"../../../Engine/Content/EngineMaterials/InvalidLightmapSettings.uexp" 76
"../../../Engine/Content/EngineMaterials/M_InvalidLightmapSettings.uasset" 77
"../../../Engine/Content/EngineMaterials/M_InvalidLightmapSettings.uexp" 78
"../../../Engine/Content/EngineMaterials/MiniFont.uasset" 79
"../../../Engine/Content/EngineMaterials/MiniFont.uexp" 80
"../../../Engine/Content/EngineMaterials/Good64x64TilingNoiseHighFreq.uasset" 81
"../../../Engine/Content/EngineMaterials/Good64x64TilingNoiseHighFreq.uexp" 82
"../../../Engine/Content/EngineMaterials/GizmoMaterial.uasset" 83
"../../../Engine/Content/EngineMaterials/GizmoMaterial.uexp" 84
"../../../Engine/Content/EngineMaterials/BaseFlattenEmissiveMap_VT.uasset" 85
"../../../Engine/Content/EngineMaterials/BaseFlattenEmissiveMap_VT.uexp" 86
"../../../Engine/Content/EngineMaterials/BaseFlattenGrayscaleMap_VT.uasset" 87
"../../../Engine/Content/EngineMaterials/BaseFlattenGrayscaleMap_VT.uexp" 88
"../../../Engine/Content/EngineMaterials/BaseFlattenLinearColor_VT.uasset" 89
"../../../Engine/Content/EngineMaterials/BaseFlattenLinearColor_VT.uexp" 90
"../../../Engine/Content/EngineMaterials/Black_1x1_EXR_Texture_VT.uasset" 91
"../../../Engine/Content/EngineMaterials/Black_1x1_EXR_Texture_VT.uexp" 92
"../../../Engine/Content/EngineMaterials/BaseFlattenDiffuseMap_VT.uasset" 93
"../../../Engine/Content/EngineMaterials/BaseFlattenDiffuseMap_VT.uexp" 94
"../../../Engine/Content/EngineMaterials/BaseFlattenNormalMap_VT.uasset" 95
"../../../Engine/Content/EngineMaterials/BaseFlattenNormalMap_VT.uexp" 96
"../../../Engine/Content/EngineMaterials/FlattenMaterial_WS_Normal_VT.uasset" 97
"../../../Engine/Content/EngineMaterials/FlattenMaterial_WS_Normal_VT.uexp" 98
"../../../Engine/Content/EngineMaterials/FlattenMaterial_VT.uasset" 99
"../../../Engine/Content/EngineMaterials/FlattenMaterial_VT.uexp" 100
"../../../Engine/Content/EngineMaterials/BaseFlattenNormalMap.uasset" 101
"../../../Engine/Content/EngineMaterials/BaseFlattenNormalMap.uexp" 102
"../../../Engine/Content/EngineMaterials/BaseFlattenGrayscaleMap.uasset" 103
"../../../Engine/Content/EngineMaterials/BaseFlattenGrayscaleMap.uexp" 104
"../../../Engine/Content/EngineMaterials/BaseFlattenDiffuseMap.uasset" 105
"../../../Engine/Content/EngineMaterials/BaseFlattenDiffuseMap.uexp" 106
"../../../Engine/Content/Functions/Engine_MaterialFunctions02/PivotPainter2/Black_1x1_EXR_Texture.uasset" 107
"../../../Engine/Content/Functions/Engine_MaterialFunctions02/PivotPainter2/Black_1x1_EXR_Texture.uexp" 108
"../../../Engine/Content/EngineMaterials/BaseFlattenEmissiveMap.uasset" 109
"../../../Engine/Content/EngineMaterials/BaseFlattenEmissiveMap.uexp" 110
"../../../Engine/Content/EngineMaterials/BaseFlattenLinearColor.uasset" 111
"../../../Engine/Content/EngineMaterials/BaseFlattenLinearColor.uexp" 112
"../../../Engine/Content/EngineMaterials/FlattenMaterial.uasset" 113
"../../../Engine/Content/EngineMaterials/FlattenMaterial.uexp" 114
"../../../Engine/Content/EngineMaterials/DefaultWhiteGrid_Low.uasset" 115
"../../../Engine/Content/EngineMaterials/DefaultWhiteGrid_Low.uexp" 116
"../../../Engine/Content/EngineMaterials/EmissiveMeshMaterial.uasset" 117
"../../../Engine/Content/EngineMaterials/EmissiveMeshMaterial.uexp" 118
"../../../Engine/Content/EngineMaterials/DefaultWhiteGrid.ubulk" 119
"../../../Engine/Content/EngineMaterials/DefaultWhiteGrid.uasset" 120
"../../../Engine/Content/EngineMaterials/DefaultWhiteGrid.uexp" 121
"../../../Engine/Content/EngineFonts/RobotoDistanceField.uasset" 122
"../../../Engine/Content/EngineFonts/RobotoDistanceField.uexp" 123
"../../../Engine/Content/EngineMaterials/DefaultTextMaterialOpaque.uasset" 124
"../../../Engine/Content/EngineMaterials/DefaultTextMaterialOpaque.uexp" 125
"../../../Engine/Content/EngineMaterials/DefaultDiffuse.ubulk" 126
"../../../Engine/Content/EngineMaterials/DefaultDiffuse.uasset" 127
"../../../Engine/Content/EngineMaterials/DefaultDiffuse.uexp" 128
"../../../Engine/Content/Functions/Engine_MaterialFunctions02/Utility/BreakOutFloat2Components.uasset" 129
"../../../Engine/Content/Functions/Engine_MaterialFunctions02/Utility/BreakOutFloat2Components.uexp" 130
"../../../Engine/Content/EngineMaterials/DefaultPostProcessMaterial.uasset" 131
"../../../Engine/Content/EngineMaterials/DefaultPostProcessMaterial.uexp" 132
"../../../Engine/Content/EngineMaterials/DefaultPhysicalMaterial.uasset" 133
"../../../Engine/Content/EngineMaterials/DefaultPhysicalMaterial.uexp" 134
"../../../Engine/Content/EngineMaterials/DefaultLightFunctionMaterial.uasset" 135
"../../../Engine/Content/EngineMaterials/DefaultLightFunctionMaterial.uexp" 136
"../../../Engine/Content/EngineMaterials/DefaultDestructiblePhysicalMaterial.uasset" 137
"../../../Engine/Content/EngineMaterials/DefaultDestructiblePhysicalMaterial.uexp" 138
"../../../Engine/Content/EngineMaterials/DefaultDeferredDecalMaterial.uasset" 139
"../../../Engine/Content/EngineMaterials/DefaultDeferredDecalMaterial.uexp" 140
"../../../Engine/Content/EngineMaterials/DefaultBokeh.uasset" 141
"../../../Engine/Content/EngineMaterials/DefaultBokeh.uexp" 142
"../../../Engine/Content/EngineMaterials/DefaultBloomKernel.uasset" 143
"../../../Engine/Content/EngineMaterials/DefaultBloomKernel.uexp" 144
"../../../Engine/Content/EngineMaterials/BlueNoise.uasset" 145
"../../../Engine/Content/EngineMaterials/BlueNoise.uexp" 146
"../../../Engine/Content/Functions/Engine_MaterialFunctions02/Utility/CameraDirectionVector.uasset" 147
"../../../Engine/Content/Functions/Engine_MaterialFunctions02/Utility/CameraDirectionVector.uexp" 148
"../../../Engine/Content/EngineDebugMaterials/VolumeToRender.uasset" 149
"../../../Engine/Content/EngineDebugMaterials/VolumeToRender.uexp" 150
"../../../Engine/Content/EngineDebugMaterials/M_VolumeRenderSphereTracePP.uasset" 151
"../../../Engine/Content/EngineDebugMaterials/M_VolumeRenderSphereTracePP.uexp" 152
"../../../Engine/Content/EngineDebugMaterials/M_SimpleUnlitTranslucent.uasset" 153
"../../../Engine/Content/EngineDebugMaterials/M_SimpleUnlitTranslucent.uexp" 154
"../../../Engine/Content/EngineDebugMaterials/DebugMeshMaterial.uasset" 155
"../../../Engine/Content/EngineDebugMaterials/DebugMeshMaterial.uexp" 156
"../../../Engine/Content/EngineDebugMaterials/DebugEditorMaterial.uasset" 157
"../../../Engine/Content/EngineDebugMaterials/DebugEditorMaterial.uexp" 158
"../../../Engine/Content/EngineDamageTypes/DmgTypeBP_Environmental.uasset" 159
"../../../Engine/Content/EngineDamageTypes/DmgTypeBP_Environmental.uexp" 160
"../../../Engine/Content/EditorResources/S_TriggerSphere.uasset" 161
"../../../Engine/Content/EditorResources/S_TriggerSphere.uexp" 162
"../../../Engine/Content/EditorResources/S_TriggerCapsule.uasset" 163
"../../../Engine/Content/EditorResources/S_TriggerCapsule.uexp" 164
"../../../Engine/Content/EditorResources/S_TriggerBox.uasset" 165
"../../../Engine/Content/EditorResources/S_TriggerBox.uexp" 166
"../../../Engine/Content/EditorResources/S_Trigger.ubulk" 167
"../../../Engine/Content/EditorResources/S_Trigger.uasset" 168
"../../../Engine/Content/EditorResources/S_Trigger.uexp" 169
"../../../Engine/Content/EditorResources/S_Terrain.ubulk" 170
"../../../Engine/Content/EditorResources/S_Terrain.uasset" 171
"../../../Engine/Content/EditorResources/S_Terrain.uexp" 172
"../../../Engine/Content/EditorResources/S_Solver.ubulk" 173
"../../../Engine/Content/EditorResources/S_Solver.uasset" 174
"../../../Engine/Content/EditorResources/S_Solver.uexp" 175
"../../../Engine/Content/EditorResources/S_BoxReflectionCapture.uasset" 176
"../../../Engine/Content/EditorResources/S_BoxReflectionCapture.uexp" 177
"../../../Engine/Content/EditorResources/S_Actor.ubulk" 178
"../../../Engine/Content/EditorResources/S_Actor.uasset" 179
"../../../Engine/Content/EditorResources/S_Actor.uexp" 180
"../../../Engine/Content/EditorResources/EmptyActor.uasset" 181
"../../../Engine/Content/EditorResources/EmptyActor.uexp" 182
"../../../Engine/Content/EditorResources/BSPVertex.uasset" 183
"../../../Engine/Content/EditorResources/BSPVertex.uexp" 184
"../../../Engine/Content/EditorResources/SequenceRecorder/RecordingIndicator.uasset" 185
"../../../Engine/Content/EditorResources/SequenceRecorder/RecordingIndicator.uexp" 186
"../../../Engine/Content/EditorResources/SequenceRecorder/Countdown.uasset" 187
"../../../Engine/Content/EditorResources/SequenceRecorder/Countdown.uexp" 188
"../../../Engine/Content/EditorResources/LightIcons/S_LightError.uasset" 189
"../../../Engine/Content/EditorResources/LightIcons/S_LightError.uexp" 190
"../../../Engine/Content/EditorMaterials/Camera/CineMat.uasset" 191
"../../../Engine/Content/EditorMaterials/Camera/CineMat.uexp" 192
"../../../Engine/Content/EditorMaterials/Camera/MI_CineMat_Rig.uasset" 193
"../../../Engine/Content/EditorMaterials/Camera/MI_CineMat_Rig.uexp" 194
"../../../Engine/Content/EditorMeshes/Camera/SM_RailRig_Track.uasset" 195
"../../../Engine/Content/EditorMeshes/Camera/SM_RailRig_Track.uexp" 196
"../../../Engine/Content/EditorMeshes/Camera/SM_RailRig_Mount.uasset" 197
"../../../Engine/Content/EditorMeshes/Camera/SM_RailRig_Mount.uexp" 198
"../../../Engine/Content/EditorMeshes/Camera/SM_CraneRig_Mount.uasset" 199
"../../../Engine/Content/EditorMeshes/Camera/SM_CraneRig_Mount.uexp" 200
"../../../Engine/Content/EditorMeshes/Camera/SM_CraneRig_Body.uasset" 201
"../../../Engine/Content/EditorMeshes/Camera/SM_CraneRig_Body.uexp" 202
"../../../Engine/Content/EditorMeshes/Camera/SM_CraneRig_Base.uasset" 203
"../../../Engine/Content/EditorMeshes/Camera/SM_CraneRig_Base.uexp" 204
"../../../Engine/Content/EditorMeshes/Camera/SM_CraneRig_Arm.uasset" 205
"../../../Engine/Content/EditorMeshes/Camera/SM_CraneRig_Arm.uexp" 206
"../../../Engine/Content/EditorMaterials/PreviewShadowIndicator.ubulk" 207
"../../../Engine/Content/EditorMaterials/PreviewShadowIndicator.uasset" 208
"../../../Engine/Content/EditorMaterials/PreviewShadowIndicator.uexp" 209
"../../../Engine/Content/EditorMaterials/PreviewShadowIndicatorMaterial.uasset" 210
"../../../Engine/Content/EditorMaterials/PreviewShadowIndicatorMaterial.uexp" 211
"../../../Engine/Content/EditorMaterials/MAT_Groups_Visibility.uasset" 212
"../../../Engine/Content/EditorMaterials/MAT_Groups_Visibility.uexp" 213
"../../../Engine/Content/EditorMaterials/MAT_Groups_Toggle.uasset" 214
"../../../Engine/Content/EditorMaterials/MAT_Groups_Toggle.uexp" 215
"../../../Engine/Content/Functions/Engine_MaterialFunctions02/Utility/MakeFloat4.uasset" 216
"../../../Engine/Content/Functions/Engine_MaterialFunctions02/Utility/MakeFloat4.uexp" 217
"../../../Engine/Content/Functions/Engine_MaterialFunctions02/Utility/MakeFloat3.uasset" 218
"../../../Engine/Content/Functions/Engine_MaterialFunctions02/Utility/MakeFloat3.uexp" 219
"../../../Engine/Content/Functions/Engine_MaterialFunctions02/Utility/BreakOutFloat3Components.uasset" 220
"../../../Engine/Content/Functions/Engine_MaterialFunctions02/Utility/BreakOutFloat3Components.uexp" 221
"../../../Engine/Content/EditorMaterials/WorldPartition/WorldPartitionSpatialHashGridPreviewMaterial.uasset" 222
"../../../Engine/Content/EditorMaterials/WorldPartition/WorldPartitionSpatialHashGridPreviewMaterial.uexp" 223
"../../../Engine/Content/EditorMaterials/ParticleSystems/PSysThumbnail_OOD.ubulk" 224
"../../../Engine/Content/EditorMaterials/ParticleSystems/PSysThumbnail_OOD.uasset" 225
"../../../Engine/Content/EditorMaterials/ParticleSystems/PSysThumbnail_OOD.uexp" 226
"../../../Engine/Content/EditorMaterials/ParticleSystems/PSysThumbnail_NoImage.ubulk" 227
"../../../Engine/Content/EditorMaterials/ParticleSystems/PSysThumbnail_NoImage.uasset" 228
"../../../Engine/Content/EditorMaterials/ParticleSystems/PSysThumbnail_NoImage.uexp" 229
"../../../Engine/Content/EditorMaterials/MatineeGroups/MAT_Groups_Vector.uasset" 230
"../../../Engine/Content/EditorMaterials/MatineeGroups/MAT_Groups_Vector.uexp" 231
"../../../Engine/Content/EditorMaterials/MatineeGroups/MAT_Groups_Sound.uasset" 232
"../../../Engine/Content/EditorMaterials/MatineeGroups/MAT_Groups_Sound.uexp" 233
"../../../Engine/Content/EditorMaterials/MatineeGroups/MAT_Groups_Slomo.uasset" 234
"../../../Engine/Content/EditorMaterials/MatineeGroups/MAT_Groups_Slomo.uexp" 235
"../../../Engine/Content/EditorMaterials/MatineeGroups/MAT_Groups_Move.uasset" 236
"../../../Engine/Content/EditorMaterials/MatineeGroups/MAT_Groups_Move.uexp" 237
"../../../Engine/Content/EditorMaterials/MatineeGroups/MAT_Groups_Float.uasset" 238
"../../../Engine/Content/EditorMaterials/MatineeGroups/MAT_Groups_Float.uexp" 239
"../../../Engine/Content/EditorMaterials/MatineeGroups/MAT_Groups_Fade.uasset" 240
"../../../Engine/Content/EditorMaterials/MatineeGroups/MAT_Groups_Fade.uexp" 241
"../../../Engine/Content/EditorMaterials/MatineeGroups/MAT_Groups_Event.uasset" 242
"../../../Engine/Content/EditorMaterials/MatineeGroups/MAT_Groups_Event.uexp" 243
"../../../Engine/Content/EditorMaterials/MatineeGroups/MAT_Groups_Director.uasset" 244
"../../../Engine/Content/EditorMaterials/MatineeGroups/MAT_Groups_Director.uexp" 245
"../../../Engine/Content/EditorMaterials/MatineeGroups/MAT_Groups_AudioMaster.uasset" 246
"../../../Engine/Content/EditorMaterials/MatineeGroups/MAT_Groups_AudioMaster.uexp" 247
"../../../Engine/Content/EditorMaterials/MatineeGroups/MAT_Groups_Anim.uasset" 248
"../../../Engine/Content/EditorMaterials/MatineeGroups/MAT_Groups_Anim.uexp" 249
"../../../Engine/Content/EditorMaterials/MatineeGroups/MAT_ColorTrack.uasset" 250
"../../../Engine/Content/EditorMaterials/MatineeGroups/MAT_ColorTrack.uexp" 251
"../../../Engine/Content/EditorLandscapeResources/DefaultAlphaTexture.uasset" 252
"../../../Engine/Content/EditorLandscapeResources/DefaultAlphaTexture.uexp" 253
"../../../Engine/Content/EditorLandscapeResources/DataLayer.uasset" 254
"../../../Engine/Content/EditorLandscapeResources/DataLayer.uexp" 255
"../../../Engine/Content/EngineMaterials/T_Default_Material_Grid_M.ubulk" 256
"../../../Engine/Content/EngineMaterials/T_Default_Material_Grid_M.uasset" 257
"../../../Engine/Content/EngineMaterials/T_Default_Material_Grid_M.uexp" 258
"../../../Engine/Content/EngineMaterials/T_Default_Material_Grid_N.ubulk" 259
"../../../Engine/Content/EngineMaterials/T_Default_Material_Grid_N.uasset" 260
"../../../Engine/Content/EngineMaterials/T_Default_Material_Grid_N.uexp" 261
"../../../Engine/Content/Functions/Engine_MaterialFunctions01/Opacity/CameraDepthFade.uasset" 262
"../../../Engine/Content/Functions/Engine_MaterialFunctions01/Opacity/CameraDepthFade.uexp" 263
"../../../Engine/Content/EngineMaterials/DefaultMaterial.uasset" 264
"../../../Engine/Content/EngineMaterials/DefaultMaterial.uexp" 265
"../../../Engine/Content/BasicShapes/Sphere.uasset" 266
"../../../Engine/Content/BasicShapes/Sphere.uexp" 267
"../../../Engine/Content/EngineMaterials/WorldGridMaterial.uasset" 268
"../../../Engine/Content/EngineMaterials/WorldGridMaterial.uexp" 269
"../../../Engine/Content/BasicShapes/Cube.uasset" 270
"../../../Engine/Content/BasicShapes/Cube.uexp" 271
"../../../Engine/Content/BasicShapes/Cone.uasset" 272
"../../../Engine/Content/BasicShapes/Cone.uexp" 273
"../../../Engine/Content/ArtTools/RenderToTexture/Meshes/S_1_Unit_Plane.uasset" 274
"../../../Engine/Content/ArtTools/RenderToTexture/Meshes/S_1_Unit_Plane.uexp" 275
"../../../Engine/Content/Tutorial/ContentIntroCurve.uasset" 276
"../../../Engine/Content/Tutorial/ContentIntroCurve.uexp" 277
"../../../Engine/Content/VREditor/TransformGizmo/Main.uasset" 278
"../../../Engine/Content/VREditor/TransformGizmo/Main.uexp" 279
"../../../Engine/Content/VREditor/TransformGizmo/Xray.uasset" 280
"../../../Engine/Content/VREditor/TransformGizmo/Xray.uexp" 281
"../../../Engine/Content/VREditor/TransformGizmo/SM_Sequencer_Node.uasset" 282
"../../../Engine/Content/VREditor/TransformGizmo/SM_Sequencer_Node.uexp" 283
"../../../Engine/Content/VREditor/LaserPointer/VR_LaserPower_01.ubulk" 284
"../../../Engine/Content/VREditor/LaserPointer/VR_LaserPower_01.uasset" 285
"../../../Engine/Content/VREditor/LaserPointer/VR_LaserPower_01.uexp" 286
"../../../Engine/Content/VREditor/TransformGizmo/TransformGizmoMaterial.uasset" 287
"../../../Engine/Content/VREditor/TransformGizmo/TransformGizmoMaterial.uexp" 288
"../../../Engine/Content/VREditor/TransformGizmo/TranslucentTransformGizmoMaterial.uasset" 289
"../../../Engine/Content/VREditor/TransformGizmo/TranslucentTransformGizmoMaterial.uexp" 290
"../../../Engine/Content/VREditor/TransformGizmo/PlaneTranslationHandle.uasset" 291
"../../../Engine/Content/VREditor/TransformGizmo/PlaneTranslationHandle.uexp" 292
"../../../Engine/Content/VREditor/TransformGizmo/BoundingBoxEdge.uasset" 293
"../../../Engine/Content/VREditor/TransformGizmo/BoundingBoxEdge.uexp" 294
"../../../Engine/Content/VREditor/TransformGizmo/BoundingBoxCorner.uasset" 295
"../../../Engine/Content/VREditor/TransformGizmo/BoundingBoxCorner.uexp" 296
"../../../Engine/Plugins/2D/Paper2D/Content/PlaceholderTextures/DummySpriteTexture.ubulk" 297
"../../../Engine/Plugins/2D/Paper2D/Content/PlaceholderTextures/DummySpriteTexture.uasset" 298
"../../../Engine/Plugins/2D/Paper2D/Content/PlaceholderTextures/DummySpriteTexture.uexp" 299
"../../../Engine/Plugins/2D/Paper2D/Content/DefaultSpriteMaterial.uasset" 300
"../../../Engine/Plugins/2D/Paper2D/Content/DefaultSpriteMaterial.uexp" 301
"../../../Engine/Plugins/2D/Paper2D/Content/OpaqueUnlitSpriteMaterial.uasset" 302
"../../../Engine/Plugins/2D/Paper2D/Content/OpaqueUnlitSpriteMaterial.uexp" 303
"../../../Engine/Plugins/2D/Paper2D/Content/MaskedUnlitSpriteMaterial.uasset" 304
"../../../Engine/Plugins/2D/Paper2D/Content/MaskedUnlitSpriteMaterial.uexp" 305
"../../../Engine/Plugins/2D/Paper2D/Content/DummySprite.uasset" 306
"../../../Engine/Plugins/2D/Paper2D/Content/DummySprite.uexp" 307
"../../../Engine/Plugins/2D/Paper2D/Content/DefaultPaperTerrainMaterial.uasset" 308
"../../../Engine/Plugins/2D/Paper2D/Content/DefaultPaperTerrainMaterial.uexp" 309
"../../../Engine/Plugins/Animation/ControlRig/Content/M_Manip.uasset" 310
"../../../Engine/Plugins/Animation/ControlRig/Content/M_Manip.uexp" 311
"../../../Engine/Plugins/Animation/ControlRig/Content/Controls/DefaultGizmoLibraryNormalized.uasset" 312
"../../../Engine/Plugins/Animation/ControlRig/Content/Controls/DefaultGizmoLibraryNormalized.uexp" 313
"../../../Engine/Plugins/Animation/ControlRig/Content/Controls/ControlRig_Wedge_solid.uasset" 314
"../../../Engine/Plugins/Animation/ControlRig/Content/Controls/ControlRig_Wedge_solid.uexp" 315
"../../../Engine/Plugins/Animation/ControlRig/Content/Controls/ControlRig_Wedge_3mm.uasset" 316
"../../../Engine/Plugins/Animation/ControlRig/Content/Controls/ControlRig_Wedge_3mm.uexp" 317
"../../../Engine/Plugins/Animation/ControlRig/Content/Controls/ControlRig_Wedge_1mm.uasset" 318
"../../../Engine/Plugins/Animation/ControlRig/Content/Controls/ControlRig_Wedge_1mm.uexp" 319
"../../../Engine/Plugins/Animation/ControlRig/Content/Controls/ControlRig_Triangle_solid.uasset" 320
"../../../Engine/Plugins/Animation/ControlRig/Content/Controls/ControlRig_Triangle_solid.uexp" 321
"../../../Engine/Plugins/Animation/ControlRig/Content/Controls/ControlRig_Triangle_3mm.uasset" 322
"../../../Engine/Plugins/Animation/ControlRig/Content/Controls/ControlRig_Triangle_3mm.uexp" 323
"../../../Engine/Plugins/Animation/ControlRig/Content/Controls/ControlRig_Triangle_1mm.uasset" 324
"../../../Engine/Plugins/Animation/ControlRig/Content/Controls/ControlRig_Triangle_1mm.uexp" 325
"../../../Engine/Plugins/Animation/ControlRig/Content/Controls/ControlRig_Star4_solid.uasset" 326
"../../../Engine/Plugins/Animation/ControlRig/Content/Controls/ControlRig_Star4_solid.uexp" 327
"../../../Engine/Plugins/Animation/ControlRig/Content/Controls/ControlRig_Star4_3mm.uasset" 328
"../../../Engine/Plugins/Animation/ControlRig/Content/Controls/ControlRig_Star4_3mm.uexp" 329
"../../../Engine/Plugins/Animation/ControlRig/Content/Controls/ControlRig_Star4_1mm.uasset" 330
"../../../Engine/Plugins/Animation/ControlRig/Content/Controls/ControlRig_Star4_1mm.uexp" 331
"../../../Engine/Plugins/Animation/ControlRig/Content/Controls/ControlRig_Square_solid.uasset" 332
"../../../Engine/Plugins/Animation/ControlRig/Content/Controls/ControlRig_Square_solid.uexp" 333
"../../../Engine/Plugins/Animation/ControlRig/Content/Controls/ControlRig_Square_3mm.uasset" 334
"../../../Engine/Plugins/Animation/ControlRig/Content/Controls/ControlRig_Square_3mm.uexp" 335
"../../../Engine/Plugins/Animation/ControlRig/Content/Controls/ControlRig_Square_1mm.uasset" 336
"../../../Engine/Plugins/Animation/ControlRig/Content/Controls/ControlRig_Square_1mm.uexp" 337
"../../../Engine/Plugins/Animation/ControlRig/Content/Controls/ControlRig_Sphere_solid.uasset" 338
"../../../Engine/Plugins/Animation/ControlRig/Content/Controls/ControlRig_Sphere_solid.uexp" 339
"../../../Engine/Plugins/Animation/ControlRig/Content/Controls/ControlRig_Sphere_3mm.uasset" 340
"../../../Engine/Plugins/Animation/ControlRig/Content/Controls/ControlRig_Sphere_3mm.uexp" 341
"../../../Engine/Plugins/Animation/ControlRig/Content/Controls/ControlRig_Sphere_1mm.uasset" 342
"../../../Engine/Plugins/Animation/ControlRig/Content/Controls/ControlRig_Sphere_1mm.uexp" 343
"../../../Engine/Plugins/Animation/ControlRig/Content/Controls/ControlRig_RoundedTriangle_solid.uasset" 344
"../../../Engine/Plugins/Animation/ControlRig/Content/Controls/ControlRig_RoundedTriangle_solid.uexp" 345
"../../../Engine/Plugins/Animation/ControlRig/Content/Controls/ControlRig_RoundedTriangle_3mm.uasset" 346
"../../../Engine/Plugins/Animation/ControlRig/Content/Controls/ControlRig_RoundedTriangle_3mm.uexp" 347
"../../../Engine/Plugins/Animation/ControlRig/Content/Controls/ControlRig_RoundedTriangle_1mm.uasset" 348
"../../../Engine/Plugins/Animation/ControlRig/Content/Controls/ControlRig_RoundedTriangle_1mm.uexp" 349
"../../../Engine/Plugins/Animation/ControlRig/Content/Controls/ControlRig_RoundedSquare_solid.uasset" 350
"../../../Engine/Plugins/Animation/ControlRig/Content/Controls/ControlRig_RoundedSquare_solid.uexp" 351
"../../../Engine/Plugins/Animation/ControlRig/Content/Controls/ControlRig_RoundedSquare_3mm.uasset" 352
"../../../Engine/Plugins/Animation/ControlRig/Content/Controls/ControlRig_RoundedSquare_3mm.uexp" 353
"../../../Engine/Plugins/Animation/ControlRig/Content/Controls/ControlRig_RoundedSquare_1mm.uasset" 354
"../../../Engine/Plugins/Animation/ControlRig/Content/Controls/ControlRig_RoundedSquare_1mm.uexp" 355
"../../../Engine/Plugins/Animation/ControlRig/Content/Controls/ControlRig_QuarterCircle_solid.uasset" 356
"../../../Engine/Plugins/Animation/ControlRig/Content/Controls/ControlRig_QuarterCircle_solid.uexp" 357
"../../../Engine/Plugins/Animation/ControlRig/Content/Controls/ControlRig_QuarterCircle_3mm.uasset" 358
"../../../Engine/Plugins/Animation/ControlRig/Content/Controls/ControlRig_QuarterCircle_3mm.uexp" 359
"../../../Engine/Plugins/Animation/ControlRig/Content/Controls/ControlRig_QuarterCircle_1mm.uasset" 360
"../../../Engine/Plugins/Animation/ControlRig/Content/Controls/ControlRig_QuarterCircle_1mm.uexp" 361
"../../../Engine/Plugins/Animation/ControlRig/Content/Controls/ControlRig_Pyramid_solid.uasset" 362
"../../../Engine/Plugins/Animation/ControlRig/Content/Controls/ControlRig_Pyramid_solid.uexp" 363
"../../../Engine/Plugins/Animation/ControlRig/Content/Controls/ControlRig_Pyramid_3mm.uasset" 364
"../../../Engine/Plugins/Animation/ControlRig/Content/Controls/ControlRig_Pyramid_3mm.uexp" 365
"../../../Engine/Plugins/Animation/ControlRig/Content/Controls/ControlRig_Pyramid_1mm.uasset" 366
"../../../Engine/Plugins/Animation/ControlRig/Content/Controls/ControlRig_Pyramid_1mm.uexp" 367
"../../../Engine/Plugins/Animation/ControlRig/Content/Controls/ControlRig_Octagon_solid.uasset" 368
"../../../Engine/Plugins/Animation/ControlRig/Content/Controls/ControlRig_Octagon_solid.uexp" 369
"../../../Engine/Plugins/Animation/ControlRig/Content/Controls/ControlRig_Octagon_3mm.uasset" 370
"../../../Engine/Plugins/Animation/ControlRig/Content/Controls/ControlRig_Octagon_3mm.uexp" 371
"../../../Engine/Plugins/Animation/ControlRig/Content/Controls/ControlRig_Octagon_1mm.uasset" 372
"../../../Engine/Plugins/Animation/ControlRig/Content/Controls/ControlRig_Octagon_1mm.uexp" 373
"../../../Engine/Plugins/Animation/ControlRig/Content/Controls/ControlRig_Hexagon_solid.uasset" 374
"../../../Engine/Plugins/Animation/ControlRig/Content/Controls/ControlRig_Hexagon_solid.uexp" 375
"../../../Engine/Plugins/Animation/ControlRig/Content/Controls/ControlRig_Hexagon_3mm.uasset" 376
"../../../Engine/Plugins/Animation/ControlRig/Content/Controls/ControlRig_Hexagon_3mm.uexp" 377
"../../../Engine/Plugins/Animation/ControlRig/Content/Controls/ControlRig_Hexagon_1mm.uasset" 378
"../../../Engine/Plugins/Animation/ControlRig/Content/Controls/ControlRig_Hexagon_1mm.uexp" 379
"../../../Engine/Plugins/Animation/ControlRig/Content/Controls/ControlRig_HalfCircle_solid.uasset" 380
"../../../Engine/Plugins/Animation/ControlRig/Content/Controls/ControlRig_HalfCircle_solid.uexp" 381
"../../../Engine/Plugins/Animation/ControlRig/Content/Controls/ControlRig_HalfCircle_3mm.uasset" 382
"../../../Engine/Plugins/Animation/ControlRig/Content/Controls/ControlRig_HalfCircle_3mm.uexp" 383
"../../../Engine/Plugins/Animation/ControlRig/Content/Controls/ControlRig_HalfCircle_1mm.uasset" 384
"../../../Engine/Plugins/Animation/ControlRig/Content/Controls/ControlRig_HalfCircle_1mm.uexp" 385
"../../../Engine/Plugins/Animation/ControlRig/Content/Controls/ControlRig_Diamond_solid.uasset" 386
"../../../Engine/Plugins/Animation/ControlRig/Content/Controls/ControlRig_Diamond_solid.uexp" 387
"../../../Engine/Plugins/Animation/ControlRig/Content/Controls/ControlRig_Diamond_3mm.uasset" 388
"../../../Engine/Plugins/Animation/ControlRig/Content/Controls/ControlRig_Diamond_3mm.uexp" 389
"../../../Engine/Plugins/Animation/ControlRig/Content/Controls/ControlRig_Diamond_1mm.uasset" 390
"../../../Engine/Plugins/Animation/ControlRig/Content/Controls/ControlRig_Diamond_1mm.uexp" 391
"../../../Engine/Plugins/Animation/ControlRig/Content/Controls/ControlRig_Circle_solid.uasset" 392
"../../../Engine/Plugins/Animation/ControlRig/Content/Controls/ControlRig_Circle_solid.uexp" 393
"../../../Engine/Plugins/Animation/ControlRig/Content/Controls/ControlRig_Circle_3mm.uasset" 394
"../../../Engine/Plugins/Animation/ControlRig/Content/Controls/ControlRig_Circle_3mm.uexp" 395
"../../../Engine/Plugins/Animation/ControlRig/Content/Controls/ControlRig_Circle_1mm.uasset" 396
"../../../Engine/Plugins/Animation/ControlRig/Content/Controls/ControlRig_Circle_1mm.uexp" 397
"../../../Engine/Plugins/Animation/ControlRig/Content/Controls/ControlRig_Box_solid.uasset" 398
"../../../Engine/Plugins/Animation/ControlRig/Content/Controls/ControlRig_Box_solid.uexp" 399
"../../../Engine/Plugins/Animation/ControlRig/Content/Controls/ControlRig_Box_3mm.uasset" 400
"../../../Engine/Plugins/Animation/ControlRig/Content/Controls/ControlRig_Box_3mm.uexp" 401
"../../../Engine/Plugins/Animation/ControlRig/Content/Controls/ControlRig_Box_1mm.uasset" 402
"../../../Engine/Plugins/Animation/ControlRig/Content/Controls/ControlRig_Box_1mm.uexp" 403
"../../../Engine/Plugins/Animation/ControlRig/Content/Controls/ControlRig_Arrow_solid.uasset" 404
"../../../Engine/Plugins/Animation/ControlRig/Content/Controls/ControlRig_Arrow_solid.uexp" 405
"../../../Engine/Plugins/Animation/ControlRig/Content/Controls/ControlRig_Arrow_3mm.uasset" 406
"../../../Engine/Plugins/Animation/ControlRig/Content/Controls/ControlRig_Arrow_3mm.uexp" 407
"../../../Engine/Plugins/Animation/ControlRig/Content/Controls/ControlRig_Arrow_1mm.uasset" 408
"../../../Engine/Plugins/Animation/ControlRig/Content/Controls/ControlRig_Arrow_1mm.uexp" 409
"../../../Engine/Plugins/Animation/ControlRig/Content/Controls/ControlRig_Arrow4_solid.uasset" 410
"../../../Engine/Plugins/Animation/ControlRig/Content/Controls/ControlRig_Arrow4_solid.uexp" 411
"../../../Engine/Plugins/Animation/ControlRig/Content/Controls/ControlRig_Arrow4_3mm.uasset" 412
"../../../Engine/Plugins/Animation/ControlRig/Content/Controls/ControlRig_Arrow4_3mm.uexp" 413
"../../../Engine/Plugins/Animation/ControlRig/Content/Controls/ControlRig_Arrow4_1mm.uasset" 414
"../../../Engine/Plugins/Animation/ControlRig/Content/Controls/ControlRig_Arrow4_1mm.uexp" 415
"../../../Engine/Plugins/Animation/ControlRig/Content/Controls/ControlRig_Arrow2_solid.uasset" 416
"../../../Engine/Plugins/Animation/ControlRig/Content/Controls/ControlRig_Arrow2_solid.uexp" 417
"../../../Engine/Plugins/Animation/ControlRig/Content/Controls/ControlRig_Arrow2_3mm.uasset" 418
"../../../Engine/Plugins/Animation/ControlRig/Content/Controls/ControlRig_Arrow2_3mm.uexp" 419
"../../../Engine/Plugins/Animation/ControlRig/Content/Controls/ControlRig_Arrow2_1mm.uasset" 420
"../../../Engine/Plugins/Animation/ControlRig/Content/Controls/ControlRig_Arrow2_1mm.uexp" 421
"../../../Engine/Plugins/Animation/ControlRig/Content/Controls/ControlRigGizmoMaterial.uasset" 422
"../../../Engine/Plugins/Animation/ControlRig/Content/Controls/ControlRigGizmoMaterial.uexp" 423
"../../../Engine/Plugins/Editor/SpeedTreeImporter/Content/SpeedTree9/game_wind_noise.ubulk" 424
"../../../Engine/Plugins/Editor/SpeedTreeImporter/Content/SpeedTree9/game_wind_noise.uasset" 425
"../../../Engine/Plugins/Editor/SpeedTreeImporter/Content/SpeedTree9/game_wind_noise.uexp" 426
"../../../Engine/Plugins/Editor/SpeedTreeImporter/Content/SpeedTree9/UnpackDirection.uasset" 427
"../../../Engine/Plugins/Editor/SpeedTreeImporter/Content/SpeedTree9/UnpackDirection.uexp" 428
"../../../Engine/Content/Functions/Engine_MaterialFunctions02/ObjectLocalBounds.uasset" 429
"../../../Engine/Content/Functions/Engine_MaterialFunctions02/ObjectLocalBounds.uexp" 430
"../../../Engine/Content/Functions/Engine_MaterialFunctions02/UVs/BoundingBoxBased_0-1_UVW.uasset" 431
"../../../Engine/Content/Functions/Engine_MaterialFunctions02/UVs/BoundingBoxBased_0-1_UVW.uexp" 432
"../../../Engine/Content/Functions/Engine_MaterialFunctions02/Utility/VectorLength.uasset" 433
"../../../Engine/Content/Functions/Engine_MaterialFunctions02/Utility/VectorLength.uexp" 434
"../../../Engine/Plugins/Editor/SpeedTreeImporter/Content/SpeedTree9/UnpackInteger3.uasset" 435
"../../../Engine/Plugins/Editor/SpeedTreeImporter/Content/SpeedTree9/UnpackInteger3.uexp" 436
"../../../Engine/Plugins/Editor/SpeedTreeImporter/Content/SpeedTree9/SpeedTreeCameraFacing.uasset" 437
"../../../Engine/Plugins/Editor/SpeedTreeImporter/Content/SpeedTree9/SpeedTreeCameraFacing.uexp" 438
"../../../Engine/Content/Functions/Engine_MaterialFunctions02/WorldPositionOffset/ObjectScale.uasset" 439
"../../../Engine/Content/Functions/Engine_MaterialFunctions02/WorldPositionOffset/ObjectScale.uexp" 440
"../../../Engine/Content/Functions/Engine_MaterialFunctions02/SafeNormalize.uasset" 441
"../../../Engine/Content/Functions/Engine_MaterialFunctions02/SafeNormalize.uexp" 442
"../../../Engine/Plugins/Editor/SpeedTreeImporter/Content/SpeedTree9/SpeedTreeWindMotion.uasset" 443
"../../../Engine/Plugins/Editor/SpeedTreeImporter/Content/SpeedTree9/SpeedTreeWindMotion.uexp" 444
"../../../Engine/Plugins/Editor/SpeedTreeImporter/Content/SpeedTree9/SpeedTreeBranchMotion.uasset" 445
"../../../Engine/Plugins/Editor/SpeedTreeImporter/Content/SpeedTree9/SpeedTreeBranchMotion.uexp" 446
"../../../Engine/Plugins/Editor/SpeedTreeImporter/Content/SpeedTree9/SpeedTreeWind.uasset" 447
"../../../Engine/Plugins/Editor/SpeedTreeImporter/Content/SpeedTree9/SpeedTreeWind.uexp" 448
"../../../Engine/Plugins/Editor/SpeedTreeImporter/Content/SpeedTree9/EmptyNormal.uasset" 449
"../../../Engine/Plugins/Editor/SpeedTreeImporter/Content/SpeedTree9/EmptyNormal.uexp" 450
"../../../Engine/Plugins/Editor/SpeedTreeImporter/Content/SpeedTree9/Empty.uasset" 451
"../../../Engine/Plugins/Editor/SpeedTreeImporter/Content/SpeedTree9/Empty.uexp" 452
"../../../Engine/Plugins/Editor/SpeedTreeImporter/Content/SpeedTree9/SpeedTreeMaster.uasset" 453
"../../../Engine/Plugins/Editor/SpeedTreeImporter/Content/SpeedTree9/SpeedTreeMaster.uexp" 454
"../../../Engine/Plugins/Editor/SpeedTreeImporter/Content/SpeedTree9/SpeedTreeBillboard.uasset" 455
"../../../Engine/Plugins/Editor/SpeedTreeImporter/Content/SpeedTree9/SpeedTreeBillboard.uexp" 456
"../../../Engine/Plugins/Editor/SpeedTreeImporter/Content/SpeedTree9/SpeedTreeBillboardMaster.uasset" 457
"../../../Engine/Plugins/Editor/SpeedTreeImporter/Content/SpeedTree9/SpeedTreeBillboardMaster.uexp" 458
"../../../Engine/Content/EngineResources/DefaultTexture.ubulk" 459
"../../../Engine/Content/EngineResources/DefaultTexture.uasset" 460
"../../../Engine/Content/EngineResources/DefaultTexture.uexp" 461
"../../../Engine/Plugins/Runtime/AR/ARUtilities/Content/Materials/MF_DistanceColorLerp.uasset" 462
"../../../Engine/Plugins/Runtime/AR/ARUtilities/Content/Materials/MF_DistanceColorLerp.uexp" 463
"../../../Engine/Plugins/Runtime/AR/ARUtilities/Content/Materials/M_DepthColoration.uasset" 464
"../../../Engine/Plugins/Runtime/AR/ARUtilities/Content/Materials/M_DepthColoration.uexp" 465
"../../../Engine/Plugins/Runtime/AR/ARUtilities/Content/Materials/DummyExternalTexture.uasset" 466
"../../../Engine/Plugins/Runtime/AR/ARUtilities/Content/Materials/DummyExternalTexture.uexp" 467
"../../../Engine/Plugins/Runtime/AR/ARUtilities/Content/Materials/M_ScreenSpacePassthroughCamera.uasset" 468
"../../../Engine/Plugins/Runtime/AR/ARUtilities/Content/Materials/M_ScreenSpacePassthroughCamera.uexp" 469
"../../../Engine/Plugins/Runtime/AR/ARUtilities/Content/Materials/MI_ScreenSpacePassthroughCameraExternalTexture.uasset" 470
"../../../Engine/Plugins/Runtime/AR/ARUtilities/Content/Materials/MI_ScreenSpacePassthroughCameraExternalTexture.uexp" 471
"../../../Engine/Plugins/Runtime/AR/ARUtilities/Content/Materials/M_PassthroughCamera.uasset" 472
"../../../Engine/Plugins/Runtime/AR/ARUtilities/Content/Materials/M_PassthroughCamera.uexp" 473
"../../../Engine/Plugins/Runtime/AR/ARUtilities/Content/Materials/MI_PassthroughCameraExternalTexture.uasset" 474
"../../../Engine/Plugins/Runtime/AR/ARUtilities/Content/Materials/MI_PassthroughCameraExternalTexture.uexp" 475
"../../../Engine/Plugins/Runtime/AR/Google/GoogleARCore/Content/M_SceneDepthOcclusion.uasset" 476
"../../../Engine/Plugins/Runtime/AR/Google/GoogleARCore/Content/M_SceneDepthOcclusion.uexp" 477
"../../../Engine/Plugins/Runtime/HairStrands/Content/Materials/HairMeshesDefaultMaterial.uasset" 478
"../../../Engine/Plugins/Runtime/HairStrands/Content/Materials/HairMeshesDefaultMaterial.uexp" 479
"../../../Engine/Plugins/Runtime/HairStrands/Content/Materials/HairDefaultMaterial.uasset" 480
"../../../Engine/Plugins/Runtime/HairStrands/Content/Materials/HairDefaultMaterial.uexp" 481
"../../../Engine/Plugins/Runtime/HairStrands/Content/Materials/HairGroupColors.uasset" 482
"../../../Engine/Plugins/Runtime/HairStrands/Content/Materials/HairGroupColors.uexp" 483
"../../../Engine/Content/EngineMaterials/HairColorMap.uasset" 484
"../../../Engine/Content/EngineMaterials/HairColorMap.uexp" 485
"../../../Engine/Content/EngineMaterials/HairDebugColor.uasset" 486
"../../../Engine/Content/EngineMaterials/HairDebugColor.uexp" 487
"../../../Engine/Plugins/Runtime/HairStrands/Content/Materials/HairDebugMaterial.uasset" 488
"../../../Engine/Plugins/Runtime/HairStrands/Content/Materials/HairDebugMaterial.uexp" 489
"../../../Engine/Plugins/Runtime/HairStrands/Content/Materials/HairCardsDefaultMaterial.uasset" 490
"../../../Engine/Plugins/Runtime/HairStrands/Content/Materials/HairCardsDefaultMaterial.uexp" 491
"../../../Engine/Content/Maps/Entry_BuiltData.uasset" 492
"../../../Engine/Content/Maps/Entry_BuiltData.uexp" 493
"../../../Engine/Content/Maps/Entry.uexp" 494
"../../../Engine/Content/Maps/Entry.umap" 495
"C:/Users/2003t/Downloads/ARImageT503Tutorial/ARImageT503/Content/AR_IMG_TUTORIAL/AR_imgCONTROLLER.uasset" 496
"C:/Users/2003t/Downloads/ARImageT503Tutorial/ARImageT503/Content/AR_IMG_TUTORIAL/AR_imgCONTROLLER.uexp" 497
"C:/Users/2003t/Downloads/ARImageT503Tutorial/ARImageT503/Content/AR_IMG_TUTORIAL/AR_Actor/Model/NewARCADEBUTTON_Cover_Normal.ubulk" 498
"C:/Users/2003t/Downloads/ARImageT503Tutorial/ARImageT503/Content/AR_IMG_TUTORIAL/AR_Actor/Model/NewARCADEBUTTON_Cover_Normal.uasset" 499
"C:/Users/2003t/Downloads/ARImageT503Tutorial/ARImageT503/Content/AR_IMG_TUTORIAL/AR_Actor/Model/NewARCADEBUTTON_Cover_Normal.uexp" 500
"C:/Users/2003t/Downloads/ARImageT503Tutorial/ARImageT503/Content/AR_IMG_TUTORIAL/AR_Actor/Model/NewARCADEBUTTON_Cover_BaseColorB.ubulk" 501
"C:/Users/2003t/Downloads/ARImageT503Tutorial/ARImageT503/Content/AR_IMG_TUTORIAL/AR_Actor/Model/NewARCADEBUTTON_Cover_BaseColorB.uasset" 502
"C:/Users/2003t/Downloads/ARImageT503Tutorial/ARImageT503/Content/AR_IMG_TUTORIAL/AR_Actor/Model/NewARCADEBUTTON_Cover_BaseColorB.uexp" 503
"C:/Users/2003t/Downloads/ARImageT503Tutorial/ARImageT503/Content/AR_IMG_TUTORIAL/AR_Actor/Model/NewARCADEBUTTON_Cover_OcclusionRoughnessMetallic.ubulk" 504
"C:/Users/2003t/Downloads/ARImageT503Tutorial/ARImageT503/Content/AR_IMG_TUTORIAL/AR_Actor/Model/NewARCADEBUTTON_Cover_OcclusionRoughnessMetallic.uasset" 505
"C:/Users/2003t/Downloads/ARImageT503Tutorial/ARImageT503/Content/AR_IMG_TUTORIAL/AR_Actor/Model/NewARCADEBUTTON_Cover_OcclusionRoughnessMetallic.uexp" 506
"C:/Users/2003t/Downloads/ARImageT503Tutorial/ARImageT503/Content/AR_IMG_TUTORIAL/AR_Actor/Model/lambert3.uasset" 507
"C:/Users/2003t/Downloads/ARImageT503Tutorial/ARImageT503/Content/AR_IMG_TUTORIAL/AR_Actor/Model/lambert3.uexp" 508
"C:/Users/2003t/Downloads/ARImageT503Tutorial/ARImageT503/Content/AR_IMG_TUTORIAL/AR_Actor/Model/lambert3_Blu.uasset" 509
"C:/Users/2003t/Downloads/ARImageT503Tutorial/ARImageT503/Content/AR_IMG_TUTORIAL/AR_Actor/Model/lambert3_Blu.uexp" 510
"C:/Users/2003t/Downloads/ARImageT503Tutorial/ARImageT503/Content/AR_IMG_TUTORIAL/AR_Actor/Model/NewARCADEBUTTON_Cover.uasset" 511
"C:/Users/2003t/Downloads/ARImageT503Tutorial/ARImageT503/Content/AR_IMG_TUTORIAL/AR_Actor/Model/NewARCADEBUTTON_Cover.uexp" 512
"C:/Users/2003t/Downloads/ARImageT503Tutorial/ARImageT503/Content/AR_IMG_TUTORIAL/ParticleSystem/Confetti_T_2.ubulk" 513
"C:/Users/2003t/Downloads/ARImageT503Tutorial/ARImageT503/Content/AR_IMG_TUTORIAL/ParticleSystem/Confetti_T_2.uasset" 514
"C:/Users/2003t/Downloads/ARImageT503Tutorial/ARImageT503/Content/AR_IMG_TUTORIAL/ParticleSystem/Confetti_T_2.uexp" 515
"C:/Users/2003t/Downloads/ARImageT503Tutorial/ARImageT503/Content/AR_IMG_TUTORIAL/ParticleSystem/Confetti_T_2_Mat.uasset" 516
"C:/Users/2003t/Downloads/ARImageT503Tutorial/ARImageT503/Content/AR_IMG_TUTORIAL/ParticleSystem/Confetti_T_2_Mat.uexp" 517
"C:/Users/2003t/Downloads/ARImageT503Tutorial/ARImageT503/Content/AR_IMG_TUTORIAL/ParticleSystem/PS_Confetti.uasset" 518
"C:/Users/2003t/Downloads/ARImageT503Tutorial/ARImageT503/Content/AR_IMG_TUTORIAL/ParticleSystem/PS_Confetti.uexp" 519
"C:/Users/2003t/Downloads/ARImageT503Tutorial/ARImageT503/Content/AR_IMG_TUTORIAL/AR_Actor/Sound/POP_coriandoli.ubulk" 520
"C:/Users/2003t/Downloads/ARImageT503Tutorial/ARImageT503/Content/AR_IMG_TUTORIAL/AR_Actor/Sound/POP_coriandoli.uasset" 521
"C:/Users/2003t/Downloads/ARImageT503Tutorial/ARImageT503/Content/AR_IMG_TUTORIAL/AR_Actor/Sound/POP_coriandoli.uexp" 522
"C:/Users/2003t/Downloads/ARImageT503Tutorial/ARImageT503/Content/AR_IMG_TUTORIAL/AR_Actor/Model/NewARCADEBUTTON_Button_Normal.ubulk" 523
"C:/Users/2003t/Downloads/ARImageT503Tutorial/ARImageT503/Content/AR_IMG_TUTORIAL/AR_Actor/Model/NewARCADEBUTTON_Button_Normal.uasset" 524
"C:/Users/2003t/Downloads/ARImageT503Tutorial/ARImageT503/Content/AR_IMG_TUTORIAL/AR_Actor/Model/NewARCADEBUTTON_Button_Normal.uexp" 525
"C:/Users/2003t/Downloads/ARImageT503Tutorial/ARImageT503/Content/AR_IMG_TUTORIAL/AR_Actor/Model/NewARCADEBUTTON_Button_BaseColorB.ubulk" 526
"C:/Users/2003t/Downloads/ARImageT503Tutorial/ARImageT503/Content/AR_IMG_TUTORIAL/AR_Actor/Model/NewARCADEBUTTON_Button_BaseColorB.uasset" 527
"C:/Users/2003t/Downloads/ARImageT503Tutorial/ARImageT503/Content/AR_IMG_TUTORIAL/AR_Actor/Model/NewARCADEBUTTON_Button_BaseColorB.uexp" 528
"C:/Users/2003t/Downloads/ARImageT503Tutorial/ARImageT503/Content/AR_IMG_TUTORIAL/AR_Actor/Model/NewARCADEBUTTON_Button_OcclusionRoughnessMetallic.ubulk" 529
"C:/Users/2003t/Downloads/ARImageT503Tutorial/ARImageT503/Content/AR_IMG_TUTORIAL/AR_Actor/Model/NewARCADEBUTTON_Button_OcclusionRoughnessMetallic.uasset" 530
"C:/Users/2003t/Downloads/ARImageT503Tutorial/ARImageT503/Content/AR_IMG_TUTORIAL/AR_Actor/Model/NewARCADEBUTTON_Button_OcclusionRoughnessMetallic.uexp" 531
"C:/Users/2003t/Downloads/ARImageT503Tutorial/ARImageT503/Content/AR_IMG_TUTORIAL/AR_Actor/Model/lambert4.uasset" 532
"C:/Users/2003t/Downloads/ARImageT503Tutorial/ARImageT503/Content/AR_IMG_TUTORIAL/AR_Actor/Model/lambert4.uexp" 533
"C:/Users/2003t/Downloads/ARImageT503Tutorial/ARImageT503/Content/AR_IMG_TUTORIAL/AR_Actor/Model/lambert4_Blu.uasset" 534
"C:/Users/2003t/Downloads/ARImageT503Tutorial/ARImageT503/Content/AR_IMG_TUTORIAL/AR_Actor/Model/lambert4_Blu.uexp" 535
"C:/Users/2003t/Downloads/ARImageT503Tutorial/ARImageT503/Content/AR_IMG_TUTORIAL/AR_Actor/Model/NewARCADEBUTTON_Button.uasset" 536
"C:/Users/2003t/Downloads/ARImageT503Tutorial/ARImageT503/Content/AR_IMG_TUTORIAL/AR_Actor/Model/NewARCADEBUTTON_Button.uexp" 537
"C:/Users/2003t/Downloads/ARImageT503Tutorial/ARImageT503/Content/AR_IMG_TUTORIAL/AR_Actor/Sound/clickButtonArcade.ubulk" 538
"C:/Users/2003t/Downloads/ARImageT503Tutorial/ARImageT503/Content/AR_IMG_TUTORIAL/AR_Actor/Sound/clickButtonArcade.uasset" 539
"C:/Users/2003t/Downloads/ARImageT503Tutorial/ARImageT503/Content/AR_IMG_TUTORIAL/AR_Actor/Sound/clickButtonArcade.uexp" 540
"C:/Users/2003t/Downloads/ARImageT503Tutorial/ARImageT503/Content/AR_IMG_TUTORIAL/AR_Actor/AR_ButtonBlu.uasset" 541
"C:/Users/2003t/Downloads/ARImageT503Tutorial/ARImageT503/Content/AR_IMG_TUTORIAL/AR_Actor/AR_ButtonBlu.uexp" 542
"C:/Users/2003t/Downloads/ARImageT503Tutorial/ARImageT503/Content/AR_IMG_TUTORIAL/AR_DATA/AICS.uasset" 543
"C:/Users/2003t/Downloads/ARImageT503Tutorial/ARImageT503/Content/AR_IMG_TUTORIAL/AR_DATA/AICS.uexp" 544
"C:/Users/2003t/Downloads/ARImageT503Tutorial/ARImageT503/Content/AR_IMG_TUTORIAL/AR_DATA/AR_ImgD_AICS.uasset" 545
"C:/Users/2003t/Downloads/ARImageT503Tutorial/ARImageT503/Content/AR_IMG_TUTORIAL/AR_DATA/AR_ImgD_AICS.uexp" 546
"C:/Users/2003t/Downloads/ARImageT503Tutorial/ARImageT503/Content/AR_IMG_TUTORIAL/AR_DATA/Cadfrara.uasset" 547
"C:/Users/2003t/Downloads/ARImageT503Tutorial/ARImageT503/Content/AR_IMG_TUTORIAL/AR_DATA/Cadfrara.uexp" 548
"C:/Users/2003t/Downloads/ARImageT503Tutorial/ARImageT503/Content/AR_IMG_TUTORIAL/AR_DATA/AR_ImgD_CADFRA.uasset" 549
"C:/Users/2003t/Downloads/ARImageT503Tutorial/ARImageT503/Content/AR_IMG_TUTORIAL/AR_DATA/AR_ImgD_CADFRA.uexp" 550
"C:/Users/2003t/Downloads/ARImageT503Tutorial/ARImageT503/Content/AR_IMG_TUTORIAL/OldTV/AR_FileMediaSource.uasset" 551
"C:/Users/2003t/Downloads/ARImageT503Tutorial/ARImageT503/Content/AR_IMG_TUTORIAL/OldTV/AR_FileMediaSource.uexp" 552
"C:/Users/2003t/Downloads/ARImageT503Tutorial/ARImageT503/Content/AR_IMG_TUTORIAL/OldTV/AR_MediaPlayer.uasset" 553
"C:/Users/2003t/Downloads/ARImageT503Tutorial/ARImageT503/Content/AR_IMG_TUTORIAL/OldTV/AR_MediaPlayer.uexp" 554
"../../../Engine/Content/EditorBlueprintResources/StandardMacros.uasset" 555
"../../../Engine/Content/EditorBlueprintResources/StandardMacros.uexp" 556
"C:/Users/2003t/Downloads/ARImageT503Tutorial/ARImageT503/Content/AR_IMG_TUTORIAL/OldTV/AR_MediaPlayer_Video.uasset" 557
"C:/Users/2003t/Downloads/ARImageT503Tutorial/ARImageT503/Content/AR_IMG_TUTORIAL/OldTV/AR_MediaPlayer_Video.uexp" 558
"C:/Users/2003t/Downloads/ARImageT503Tutorial/ARImageT503/Content/AR_IMG_TUTORIAL/OldTV/lambert2.uasset" 559
"C:/Users/2003t/Downloads/ARImageT503Tutorial/ARImageT503/Content/AR_IMG_TUTORIAL/OldTV/lambert2.uexp" 560
"C:/Users/2003t/Downloads/ARImageT503Tutorial/ARImageT503/Content/AR_IMG_TUTORIAL/OldTV/1970_metallic.ubulk" 561
"C:/Users/2003t/Downloads/ARImageT503Tutorial/ARImageT503/Content/AR_IMG_TUTORIAL/OldTV/1970_metallic.uasset" 562
"C:/Users/2003t/Downloads/ARImageT503Tutorial/ARImageT503/Content/AR_IMG_TUTORIAL/OldTV/1970_metallic.uexp" 563
"C:/Users/2003t/Downloads/ARImageT503Tutorial/ARImageT503/Content/AR_IMG_TUTORIAL/OldTV/internal_ground_ao_texture.ubulk" 564
"C:/Users/2003t/Downloads/ARImageT503Tutorial/ARImageT503/Content/AR_IMG_TUTORIAL/OldTV/internal_ground_ao_texture.uasset" 565
"C:/Users/2003t/Downloads/ARImageT503Tutorial/ARImageT503/Content/AR_IMG_TUTORIAL/OldTV/internal_ground_ao_texture.uexp" 566
"C:/Users/2003t/Downloads/ARImageT503Tutorial/ARImageT503/Content/AR_IMG_TUTORIAL/OldTV/1970_albedo.ubulk" 567
"C:/Users/2003t/Downloads/ARImageT503Tutorial/ARImageT503/Content/AR_IMG_TUTORIAL/OldTV/1970_albedo.uasset" 568
"C:/Users/2003t/Downloads/ARImageT503Tutorial/ARImageT503/Content/AR_IMG_TUTORIAL/OldTV/1970_albedo.uexp" 569
"C:/Users/2003t/Downloads/ARImageT503Tutorial/ARImageT503/Content/AR_IMG_TUTORIAL/OldTV/1970_normal.ubulk" 570
"C:/Users/2003t/Downloads/ARImageT503Tutorial/ARImageT503/Content/AR_IMG_TUTORIAL/OldTV/1970_normal.uasset" 571
"C:/Users/2003t/Downloads/ARImageT503Tutorial/ARImageT503/Content/AR_IMG_TUTORIAL/OldTV/1970_normal.uexp" 572
"C:/Users/2003t/Downloads/ARImageT503Tutorial/ARImageT503/Content/AR_IMG_TUTORIAL/OldTV/1970_roughness.ubulk" 573
"C:/Users/2003t/Downloads/ARImageT503Tutorial/ARImageT503/Content/AR_IMG_TUTORIAL/OldTV/1970_roughness.uasset" 574
"C:/Users/2003t/Downloads/ARImageT503Tutorial/ARImageT503/Content/AR_IMG_TUTORIAL/OldTV/1970_roughness.uexp" 575
"C:/Users/2003t/Downloads/ARImageT503Tutorial/ARImageT503/Content/AR_IMG_TUTORIAL/OldTV/TV_1970_Mat.uasset" 576
"C:/Users/2003t/Downloads/ARImageT503Tutorial/ARImageT503/Content/AR_IMG_TUTORIAL/OldTV/TV_1970_Mat.uexp" 577
"C:/Users/2003t/Downloads/ARImageT503Tutorial/ARImageT503/Content/AR_IMG_TUTORIAL/OldTV/TV_screen.uasset" 578
"C:/Users/2003t/Downloads/ARImageT503Tutorial/ARImageT503/Content/AR_IMG_TUTORIAL/OldTV/TV_screen.uexp" 579
"C:/Users/2003t/Downloads/ARImageT503Tutorial/ARImageT503/Content/AR_IMG_TUTORIAL/AR_Actor/AR_ButtonRed.uasset" 580
"C:/Users/2003t/Downloads/ARImageT503Tutorial/ARImageT503/Content/AR_IMG_TUTORIAL/AR_Actor/AR_ButtonRed.uexp" 581
"C:/Users/2003t/Downloads/ARImageT503Tutorial/ARImageT503/Content/AR_IMG_TUTORIAL/AR_Master.uasset" 582
"C:/Users/2003t/Downloads/ARImageT503Tutorial/ARImageT503/Content/AR_IMG_TUTORIAL/AR_Master.uexp" 583
"C:/Users/2003t/Downloads/ARImageT503Tutorial/ARImageT503/Content/AR_IMG_TUTORIAL/AR_DATA/AR_img_SessionConfig.uasset" 584
"C:/Users/2003t/Downloads/ARImageT503Tutorial/ARImageT503/Content/AR_IMG_TUTORIAL/AR_DATA/AR_img_SessionConfig.uexp" 585
"C:/Users/2003t/Downloads/ARImageT503Tutorial/ARImageT503/Content/AR_IMG_TUTORIAL/AR_ImgPAWN.uasset" 586
"C:/Users/2003t/Downloads/ARImageT503Tutorial/ARImageT503/Content/AR_IMG_TUTORIAL/AR_ImgPAWN.uexp" 587
"C:/Users/2003t/Downloads/ARImageT503Tutorial/ARImageT503/Content/AR_IMG_TUTORIAL/AR_ImgGAME.uasset" 588
"C:/Users/2003t/Downloads/ARImageT503Tutorial/ARImageT503/Content/AR_IMG_TUTORIAL/AR_ImgGAME.uexp" 589
"C:/Users/2003t/Downloads/ARImageT503Tutorial/ARImageT503/Content/AR_IMG_MapTutorial_BuiltData.uasset" 590
"C:/Users/2003t/Downloads/ARImageT503Tutorial/ARImageT503/Content/AR_IMG_MapTutorial_BuiltData.uexp" 591
"C:/Users/2003t/Downloads/ARImageT503Tutorial/ARImageT503/Content/AR_IMG_MapTutorial.uexp" 592
"C:/Users/2003t/Downloads/ARImageT503Tutorial/ARImageT503/Content/AR_IMG_MapTutorial.umap" 593
"C:/Users/2003t/Downloads/ARImageT503Tutorial/ARImageT503/Content/HandheldAR/Blueprints/GameFramework/BP_ARPlayerController.uasset" 594
"C:/Users/2003t/Downloads/ARImageT503Tutorial/ARImageT503/Content/HandheldAR/Blueprints/GameFramework/BP_ARPlayerController.uexp" 595
"C:/Users/2003t/Downloads/ARImageT503Tutorial/ARImageT503/Content/HandheldAR/Blueprints/GameFramework/ENUM_GestureType.uasset" 596
"C:/Users/2003t/Downloads/ARImageT503Tutorial/ARImageT503/Content/HandheldAR/Blueprints/GameFramework/ENUM_GestureType.uexp" 597
"C:/Users/2003t/Downloads/ARImageT503Tutorial/ARImageT503/Content/HandheldAR/Blueprints/Placeable/Textures/T_Square.ubulk" 598
"C:/Users/2003t/Downloads/ARImageT503Tutorial/ARImageT503/Content/HandheldAR/Blueprints/Placeable/Textures/T_Square.uasset" 599
"C:/Users/2003t/Downloads/ARImageT503Tutorial/ARImageT503/Content/HandheldAR/Blueprints/Placeable/Textures/T_Square.uexp" 600
"C:/Users/2003t/Downloads/ARImageT503Tutorial/ARImageT503/Content/HandheldAR/Blueprints/Placeable/Mesh/SM_ArrowBody.uasset" 601
"C:/Users/2003t/Downloads/ARImageT503Tutorial/ARImageT503/Content/HandheldAR/Blueprints/Placeable/Mesh/SM_ArrowBody.uexp" 602
"C:/Users/2003t/Downloads/ARImageT503Tutorial/ARImageT503/Content/HandheldAR/Blueprints/UI/Icons/T_Icon_Scale.uasset" 603
"C:/Users/2003t/Downloads/ARImageT503Tutorial/ARImageT503/Content/HandheldAR/Blueprints/UI/Icons/T_Icon_Scale.uexp" 604
"../../../Engine/Content/ArtTools/RenderToTexture/Textures/127grey.uasset" 605
"../../../Engine/Content/ArtTools/RenderToTexture/Textures/127grey.uexp" 606
"../../../Engine/Content/Functions/Engine_MaterialFunctions01/Gradient/LinearGradient.uasset" 607
"../../../Engine/Content/Functions/Engine_MaterialFunctions01/Gradient/LinearGradient.uexp" 608
"../../../Engine/Content/Functions/Engine_MaterialFunctions01/ImageAdjustment/CheapContrast.uasset" 609
"../../../Engine/Content/Functions/Engine_MaterialFunctions01/ImageAdjustment/CheapContrast.uexp" 610
"C:/Users/2003t/Downloads/ARImageT503Tutorial/ARImageT503/Content/HandheldAR/Blueprints/Placeable/Materials/MF_CircularScan.uasset" 611
"C:/Users/2003t/Downloads/ARImageT503Tutorial/ARImageT503/Content/HandheldAR/Blueprints/Placeable/Materials/MF_CircularScan.uexp" 612
"C:/Users/2003t/Downloads/ARImageT503Tutorial/ARImageT503/Content/HandheldAR/Blueprints/Placeable/Materials/M_Plane_02.uasset" 613
"C:/Users/2003t/Downloads/ARImageT503Tutorial/ARImageT503/Content/HandheldAR/Blueprints/Placeable/Materials/M_Plane_02.uexp" 614
"C:/Users/2003t/Downloads/ARImageT503Tutorial/ARImageT503/Content/HandheldAR/Blueprints/Placeable/Materials/MF_DistanceFalloff.uasset" 615
"C:/Users/2003t/Downloads/ARImageT503Tutorial/ARImageT503/Content/HandheldAR/Blueprints/Placeable/Materials/MF_DistanceFalloff.uexp" 616
"C:/Users/2003t/Downloads/ARImageT503Tutorial/ARImageT503/Content/HandheldAR/Blueprints/Placeable/Materials/M_Plane_Fallback.uasset" 617
"C:/Users/2003t/Downloads/ARImageT503Tutorial/ARImageT503/Content/HandheldAR/Blueprints/Placeable/Materials/M_Plane_Fallback.uexp" 618
"C:/Users/2003t/Downloads/ARImageT503Tutorial/ARImageT503/Content/HandheldAR/Blueprints/Placeable/Materials/M_Plane_Plain.uasset" 619
"C:/Users/2003t/Downloads/ARImageT503Tutorial/ARImageT503/Content/HandheldAR/Blueprints/Placeable/Materials/M_Plane_Plain.uexp" 620
"../../../Engine/Content/BasicShapes/Plane.uasset" 621
"../../../Engine/Content/BasicShapes/Plane.uexp" 622
"C:/Users/2003t/Downloads/ARImageT503Tutorial/ARImageT503/Content/HandheldAR/Blueprints/Placeable/Materials/M_Plane_01.uasset" 623
"C:/Users/2003t/Downloads/ARImageT503Tutorial/ARImageT503/Content/HandheldAR/Blueprints/Placeable/Materials/M_Plane_01.uexp" 624
"C:/Users/2003t/Downloads/ARImageT503Tutorial/ARImageT503/Content/HandheldAR/Blueprints/Placeable/BP_Plane.uasset" 625
"C:/Users/2003t/Downloads/ARImageT503Tutorial/ARImageT503/Content/HandheldAR/Blueprints/Placeable/BP_Plane.uexp" 626
"C:/Users/2003t/Downloads/ARImageT503Tutorial/ARImageT503/Content/HandheldAR/Blueprints/Placeable/Textures/T_CirclePlate.uasset" 627
"C:/Users/2003t/Downloads/ARImageT503Tutorial/ARImageT503/Content/HandheldAR/Blueprints/Placeable/Textures/T_CirclePlate.uexp" 628
"C:/Users/2003t/Downloads/ARImageT503Tutorial/ARImageT503/Content/HandheldAR/Blueprints/Placeable/Materials/M_Placeable.uasset" 629
"C:/Users/2003t/Downloads/ARImageT503Tutorial/ARImageT503/Content/HandheldAR/Blueprints/Placeable/Materials/M_Placeable.uexp" 630
"C:/Users/2003t/Downloads/ARImageT503Tutorial/ARImageT503/Content/HandheldAR/Blueprints/Placeable/Mesh/SM_Plate.uasset" 631
"C:/Users/2003t/Downloads/ARImageT503Tutorial/ARImageT503/Content/HandheldAR/Blueprints/Placeable/Mesh/SM_Plate.uexp" 632
"C:/Users/2003t/Downloads/ARImageT503Tutorial/ARImageT503/Content/HandheldAR/Blueprints/Placeable/Textures/T_SquarePlate.uasset" 633
"C:/Users/2003t/Downloads/ARImageT503Tutorial/ARImageT503/Content/HandheldAR/Blueprints/Placeable/Textures/T_SquarePlate.uexp" 634
"C:/Users/2003t/Downloads/ARImageT503Tutorial/ARImageT503/Content/HandheldAR/Blueprints/Placeable/Materials/M_Arrow.uasset" 635
"C:/Users/2003t/Downloads/ARImageT503Tutorial/ARImageT503/Content/HandheldAR/Blueprints/Placeable/Materials/M_Arrow.uexp" 636
"C:/Users/2003t/Downloads/ARImageT503Tutorial/ARImageT503/Content/HandheldAR/Blueprints/UI/Icons/T_Icon_Rotate.uasset" 637
"C:/Users/2003t/Downloads/ARImageT503Tutorial/ARImageT503/Content/HandheldAR/Blueprints/UI/Icons/T_Icon_Rotate.uexp" 638
"C:/Users/2003t/Downloads/ARImageT503Tutorial/ARImageT503/Content/HandheldAR/Blueprints/Placeable/Mesh/SM_ArrowHead.uasset" 639
"C:/Users/2003t/Downloads/ARImageT503Tutorial/ARImageT503/Content/HandheldAR/Blueprints/Placeable/Mesh/SM_ArrowHead.uexp" 640
"../../../Engine/Content/BasicShapes/BasicShapeMaterial.uasset" 641
"../../../Engine/Content/BasicShapes/BasicShapeMaterial.uexp" 642
"C:/Users/2003t/Downloads/ARImageT503Tutorial/ARImageT503/Content/ProductAssets/Materials/M_Plastic.uasset" 643
"C:/Users/2003t/Downloads/ARImageT503Tutorial/ARImageT503/Content/ProductAssets/Materials/M_Plastic.uexp" 644
"C:/Users/2003t/Downloads/ARImageT503Tutorial/ARImageT503/Content/ProductAssets/Mesh/SM_Manequin.uasset" 645
"C:/Users/2003t/Downloads/ARImageT503Tutorial/ARImageT503/Content/ProductAssets/Mesh/SM_Manequin.uexp" 646
"C:/Users/2003t/Downloads/ARImageT503Tutorial/ARImageT503/Content/ProductAssets/BP_ProductAssetRef.uasset" 647
"C:/Users/2003t/Downloads/ARImageT503Tutorial/ARImageT503/Content/ProductAssets/BP_ProductAssetRef.uexp" 648
"C:/Users/2003t/Downloads/ARImageT503Tutorial/ARImageT503/Content/HandheldAR/Blueprints/UI/Icons/T_Icon_Move.uasset" 649
"C:/Users/2003t/Downloads/ARImageT503Tutorial/ARImageT503/Content/HandheldAR/Blueprints/UI/Icons/T_Icon_Move.uexp" 650
"../../../Engine/Content/BasicShapes/Cylinder.uasset" 651
"../../../Engine/Content/BasicShapes/Cylinder.uexp" 652
"C:/Users/2003t/Downloads/ARImageT503Tutorial/ARImageT503/Content/HandheldAR/Blueprints/Placeable/Textures/T_Shadow.uasset" 653
"C:/Users/2003t/Downloads/ARImageT503Tutorial/ARImageT503/Content/HandheldAR/Blueprints/Placeable/Textures/T_Shadow.uexp" 654
"C:/Users/2003t/Downloads/ARImageT503Tutorial/ARImageT503/Content/HandheldAR/Blueprints/Placeable/Materials/M_Shadow.uasset" 655
"C:/Users/2003t/Downloads/ARImageT503Tutorial/ARImageT503/Content/HandheldAR/Blueprints/Placeable/Materials/M_Shadow.uexp" 656
"C:/Users/2003t/Downloads/ARImageT503Tutorial/ARImageT503/Content/HandheldAR/Blueprints/Placeable/BP_InteractionHUD.uasset" 657
"C:/Users/2003t/Downloads/ARImageT503Tutorial/ARImageT503/Content/HandheldAR/Blueprints/Placeable/BP_InteractionHUD.uexp" 658
"C:/Users/2003t/Downloads/ARImageT503Tutorial/ARImageT503/Content/HandheldAR/Blueprints/Placeable/BP_Placeable.uasset" 659
"C:/Users/2003t/Downloads/ARImageT503Tutorial/ARImageT503/Content/HandheldAR/Blueprints/Placeable/BP_Placeable.uexp" 660
"C:/Users/2003t/Downloads/ARImageT503Tutorial/ARImageT503/Content/HandheldAR/Blueprints/UI/Icons/T_Icon_Right.uasset" 661
"C:/Users/2003t/Downloads/ARImageT503Tutorial/ARImageT503/Content/HandheldAR/Blueprints/UI/Icons/T_Icon_Right.uexp" 662
"C:/Users/2003t/Downloads/ARImageT503Tutorial/ARImageT503/Content/HandheldAR/Blueprints/UI/Icons/T_Icon_Close.uasset" 663
"C:/Users/2003t/Downloads/ARImageT503Tutorial/ARImageT503/Content/HandheldAR/Blueprints/UI/Icons/T_Icon_Close.uexp" 664
"C:/Users/2003t/Downloads/ARImageT503Tutorial/ARImageT503/Content/HandheldAR/Blueprints/UI/Icons/T_Icon_Snapshot_01.uasset" 665
"C:/Users/2003t/Downloads/ARImageT503Tutorial/ARImageT503/Content/HandheldAR/Blueprints/UI/Icons/T_Icon_Snapshot_01.uexp" 666
"C:/Users/2003t/Downloads/ARImageT503Tutorial/ARImageT503/Content/HandheldAR/Blueprints/UI/Icons/T_Capsule_Center_02.uasset" 667
"C:/Users/2003t/Downloads/ARImageT503Tutorial/ARImageT503/Content/HandheldAR/Blueprints/UI/Icons/T_Capsule_Center_02.uexp" 668
"C:/Users/2003t/Downloads/ARImageT503Tutorial/ARImageT503/Content/HandheldAR/Blueprints/UI/Icons/T_Icon_OFF_02.uasset" 669
"C:/Users/2003t/Downloads/ARImageT503Tutorial/ARImageT503/Content/HandheldAR/Blueprints/UI/Icons/T_Icon_OFF_02.uexp" 670
"C:/Users/2003t/Downloads/ARImageT503Tutorial/ARImageT503/Content/HandheldAR/Blueprints/UI/Icons/T_Icon_Info_02.uasset" 671
"C:/Users/2003t/Downloads/ARImageT503Tutorial/ARImageT503/Content/HandheldAR/Blueprints/UI/Icons/T_Icon_Info_02.uexp" 672
"C:/Users/2003t/Downloads/ARImageT503Tutorial/ARImageT503/Content/HandheldAR/Blueprints/UI/Icons/T_Capsule_Left_02.uasset" 673
"C:/Users/2003t/Downloads/ARImageT503Tutorial/ARImageT503/Content/HandheldAR/Blueprints/UI/Icons/T_Capsule_Left_02.uexp" 674
"C:/Users/2003t/Downloads/ARImageT503Tutorial/ARImageT503/Content/HandheldAR/Blueprints/UI/Icons/T_Icon_Close_02.uasset" 675
"C:/Users/2003t/Downloads/ARImageT503Tutorial/ARImageT503/Content/HandheldAR/Blueprints/UI/Icons/T_Icon_Close_02.uexp" 676
"C:/Users/2003t/Downloads/ARImageT503Tutorial/ARImageT503/Content/HandheldAR/Blueprints/UI/Icons/T_Icon_ON.uasset" 677
"C:/Users/2003t/Downloads/ARImageT503Tutorial/ARImageT503/Content/HandheldAR/Blueprints/UI/Icons/T_Icon_ON.uexp" 678
"../../../Engine/Content/EngineFonts/Faces/RobotoLight.uexp" 679
"../../../Engine/Content/EngineFonts/Faces/RobotoLight.uasset" 680
"../../../Engine/Content/EngineFonts/Faces/RobotoLight.ufont" 681
"../../../Engine/Content/EngineFonts/Faces/RobotoBold.uexp" 682
"../../../Engine/Content/EngineFonts/Faces/RobotoBold.uasset" 683
"../../../Engine/Content/EngineFonts/Faces/RobotoBold.ufont" 684
"../../../Engine/Content/EngineFonts/Faces/RobotoRegular.uexp" 685
"../../../Engine/Content/EngineFonts/Faces/RobotoRegular.uasset" 686
"../../../Engine/Content/EngineFonts/Faces/RobotoRegular.ufont" 687
"../../../Engine/Content/EngineFonts/Faces/DroidSansFallback.uexp" 688
"../../../Engine/Content/EngineFonts/Faces/DroidSansFallback.uasset" 689
"../../../Engine/Content/EngineFonts/Faces/DroidSansFallback.ufont" 690
"../../../Engine/Content/EngineFonts/Faces/RobotoItalic.uexp" 691
"../../../Engine/Content/EngineFonts/Faces/RobotoItalic.uasset" 692
"../../../Engine/Content/EngineFonts/Faces/RobotoItalic.ufont" 693
"../../../Engine/Content/EngineFonts/Faces/RobotoBoldItalic.uexp" 694
"../../../Engine/Content/EngineFonts/Faces/RobotoBoldItalic.uasset" 695
"../../../Engine/Content/EngineFonts/Faces/RobotoBoldItalic.ufont" 696
"../../../Engine/Content/EngineFonts/Roboto.uasset" 697
"../../../Engine/Content/EngineFonts/Roboto.uexp" 698
"C:/Users/2003t/Downloads/ARImageT503Tutorial/ARImageT503/Content/HandheldAR/Blueprints/UI/Styles/ENUM_UIStyle.uasset" 699
"C:/Users/2003t/Downloads/ARImageT503Tutorial/ARImageT503/Content/HandheldAR/Blueprints/UI/Styles/ENUM_UIStyle.uexp" 700
"C:/Users/2003t/Downloads/ARImageT503Tutorial/ARImageT503/Content/HandheldAR/Blueprints/UI/Styles/Enum_FontTypeFace.uasset" 701
"C:/Users/2003t/Downloads/ARImageT503Tutorial/ARImageT503/Content/HandheldAR/Blueprints/UI/Styles/Enum_FontTypeFace.uexp" 702
"C:/Users/2003t/Downloads/ARImageT503Tutorial/ARImageT503/Content/HandheldAR/Blueprints/UI/Styles/Enum_IconType.uasset" 703
"C:/Users/2003t/Downloads/ARImageT503Tutorial/ARImageT503/Content/HandheldAR/Blueprints/UI/Styles/Enum_IconType.uexp" 704
"C:/Users/2003t/Downloads/ARImageT503Tutorial/ARImageT503/Content/HandheldAR/Blueprints/UI/Styles/Struct_Icon.uasset" 705
"C:/Users/2003t/Downloads/ARImageT503Tutorial/ARImageT503/Content/HandheldAR/Blueprints/UI/Styles/Struct_Icon.uexp" 706
"C:/Users/2003t/Downloads/ARImageT503Tutorial/ARImageT503/Content/HandheldAR/Blueprints/UI/Styles/Struct_Style.uasset" 707
"C:/Users/2003t/Downloads/ARImageT503Tutorial/ARImageT503/Content/HandheldAR/Blueprints/UI/Styles/Struct_Style.uexp" 708
"C:/Users/2003t/Downloads/ARImageT503Tutorial/ARImageT503/Content/HandheldAR/Blueprints/UI/Icons/T_Icon_Info_01.uasset" 709
"C:/Users/2003t/Downloads/ARImageT503Tutorial/ARImageT503/Content/HandheldAR/Blueprints/UI/Icons/T_Icon_Info_01.uexp" 710
"C:/Users/2003t/Downloads/ARImageT503Tutorial/ARImageT503/Content/HandheldAR/Blueprints/UI/Icons/T_Icon_Options_02.uasset" 711
"C:/Users/2003t/Downloads/ARImageT503Tutorial/ARImageT503/Content/HandheldAR/Blueprints/UI/Icons/T_Icon_Options_02.uexp" 712
"C:/Users/2003t/Downloads/ARImageT503Tutorial/ARImageT503/Content/HandheldAR/Blueprints/UI/Icons/T_Icon_Left_02.uasset" 713
"C:/Users/2003t/Downloads/ARImageT503Tutorial/ARImageT503/Content/HandheldAR/Blueprints/UI/Icons/T_Icon_Left_02.uexp" 714
"C:/Users/2003t/Downloads/ARImageT503Tutorial/ARImageT503/Content/HandheldAR/Blueprints/UI/Icons/T_Icon_Snapshot_02.uasset" 715
"C:/Users/2003t/Downloads/ARImageT503Tutorial/ARImageT503/Content/HandheldAR/Blueprints/UI/Icons/T_Icon_Snapshot_02.uexp" 716
"C:/Users/2003t/Downloads/ARImageT503Tutorial/ARImageT503/Content/HandheldAR/Blueprints/UI/Icons/T_Icon_ON_02.uasset" 717
"C:/Users/2003t/Downloads/ARImageT503Tutorial/ARImageT503/Content/HandheldAR/Blueprints/UI/Icons/T_Icon_ON_02.uexp" 718
"C:/Users/2003t/Downloads/ARImageT503Tutorial/ARImageT503/Content/HandheldAR/Blueprints/UI/Icons/T_Capsule_Left.uasset" 719
"C:/Users/2003t/Downloads/ARImageT503Tutorial/ARImageT503/Content/HandheldAR/Blueprints/UI/Icons/T_Capsule_Left.uexp" 720
"C:/Users/2003t/Downloads/ARImageT503Tutorial/ARImageT503/Content/HandheldAR/Blueprints/UI/Icons/T_Icon_Right_02.uasset" 721
"C:/Users/2003t/Downloads/ARImageT503Tutorial/ARImageT503/Content/HandheldAR/Blueprints/UI/Icons/T_Icon_Right_02.uexp" 722
"C:/Users/2003t/Downloads/ARImageT503Tutorial/ARImageT503/Content/HandheldAR/Blueprints/UI/Icons/T_Icon_Options_01.uasset" 723
"C:/Users/2003t/Downloads/ARImageT503Tutorial/ARImageT503/Content/HandheldAR/Blueprints/UI/Icons/T_Icon_Options_01.uexp" 724
"C:/Users/2003t/Downloads/ARImageT503Tutorial/ARImageT503/Content/HandheldAR/Blueprints/UI/Icons/T_Capsule_Right_02.uasset" 725
"C:/Users/2003t/Downloads/ARImageT503Tutorial/ARImageT503/Content/HandheldAR/Blueprints/UI/Icons/T_Capsule_Right_02.uexp" 726
"C:/Users/2003t/Downloads/ARImageT503Tutorial/ARImageT503/Content/HandheldAR/Blueprints/UI/Icons/T_Icon_Reset_01.uasset" 727
"C:/Users/2003t/Downloads/ARImageT503Tutorial/ARImageT503/Content/HandheldAR/Blueprints/UI/Icons/T_Icon_Reset_01.uexp" 728
"C:/Users/2003t/Downloads/ARImageT503Tutorial/ARImageT503/Content/HandheldAR/Blueprints/UI/Icons/T_Icon_OFF.uasset" 729
"C:/Users/2003t/Downloads/ARImageT503Tutorial/ARImageT503/Content/HandheldAR/Blueprints/UI/Icons/T_Icon_OFF.uexp" 730
"C:/Users/2003t/Downloads/ARImageT503Tutorial/ARImageT503/Content/HandheldAR/Blueprints/UI/Icons/T_Capsule_Right.uasset" 731
"C:/Users/2003t/Downloads/ARImageT503Tutorial/ARImageT503/Content/HandheldAR/Blueprints/UI/Icons/T_Capsule_Right.uexp" 732
"C:/Users/2003t/Downloads/ARImageT503Tutorial/ARImageT503/Content/HandheldAR/Blueprints/UI/Icons/T_Icon_Reset_02.uasset" 733
"C:/Users/2003t/Downloads/ARImageT503Tutorial/ARImageT503/Content/HandheldAR/Blueprints/UI/Icons/T_Icon_Reset_02.uexp" 734
"C:/Users/2003t/Downloads/ARImageT503Tutorial/ARImageT503/Content/HandheldAR/Blueprints/UI/Icons/T_Icon_Left.uasset" 735
"C:/Users/2003t/Downloads/ARImageT503Tutorial/ARImageT503/Content/HandheldAR/Blueprints/UI/Icons/T_Icon_Left.uexp" 736
"C:/Users/2003t/Downloads/ARImageT503Tutorial/ARImageT503/Content/HandheldAR/Blueprints/UI/Icons/T_Capsule_Center.uasset" 737
"C:/Users/2003t/Downloads/ARImageT503Tutorial/ARImageT503/Content/HandheldAR/Blueprints/UI/Icons/T_Capsule_Center.uexp" 738
"C:/Users/2003t/Downloads/ARImageT503Tutorial/ARImageT503/Content/HandheldAR/Blueprints/UI/Styles/DT_Styles.uasset" 739
"C:/Users/2003t/Downloads/ARImageT503Tutorial/ARImageT503/Content/HandheldAR/Blueprints/UI/Styles/DT_Styles.uexp" 740
"C:/Users/2003t/Downloads/ARImageT503Tutorial/ARImageT503/Content/HandheldAR/Blueprints/UI/Materials/M_ButtonUI.uasset" 741
"C:/Users/2003t/Downloads/ARImageT503Tutorial/ARImageT503/Content/HandheldAR/Blueprints/UI/Materials/M_ButtonUI.uexp" 742
"C:/Users/2003t/Downloads/ARImageT503Tutorial/ARImageT503/Content/HandheldAR/Blueprints/UI/UI_ToggleButton.uasset" 743
"C:/Users/2003t/Downloads/ARImageT503Tutorial/ARImageT503/Content/HandheldAR/Blueprints/UI/UI_ToggleButton.uexp" 744
"C:/Users/2003t/Downloads/ARImageT503Tutorial/ARImageT503/Content/HandheldAR/Blueprints/UI/UI_CapsuleButton.uasset" 745
"C:/Users/2003t/Downloads/ARImageT503Tutorial/ARImageT503/Content/HandheldAR/Blueprints/UI/UI_CapsuleButton.uexp" 746
"C:/Users/2003t/Downloads/ARImageT503Tutorial/ARImageT503/Content/HandheldAR/Blueprints/UI/Styles/BP_StylizedUI.uasset" 747
"C:/Users/2003t/Downloads/ARImageT503Tutorial/ARImageT503/Content/HandheldAR/Blueprints/UI/Styles/BP_StylizedUI.uexp" 748
"C:/Users/2003t/Downloads/ARImageT503Tutorial/ARImageT503/Content/HandheldAR/Blueprints/UI/BP_OptionMenu.uasset" 749
"C:/Users/2003t/Downloads/ARImageT503Tutorial/ARImageT503/Content/HandheldAR/Blueprints/UI/BP_OptionMenu.uexp" 750
"C:/Users/2003t/Downloads/ARImageT503Tutorial/ARImageT503/Content/HandheldAR/Blueprints/UI/Icons/T_CircularMenu_Top.uasset" 751
"C:/Users/2003t/Downloads/ARImageT503Tutorial/ARImageT503/Content/HandheldAR/Blueprints/UI/Icons/T_CircularMenu_Top.uexp" 752
"C:/Users/2003t/Downloads/ARImageT503Tutorial/ARImageT503/Content/HandheldAR/Blueprints/UI/Icons/T_CircularMenu.uasset" 753
"C:/Users/2003t/Downloads/ARImageT503Tutorial/ARImageT503/Content/HandheldAR/Blueprints/UI/Icons/T_CircularMenu.uexp" 754
"C:/Users/2003t/Downloads/ARImageT503Tutorial/ARImageT503/Content/HandheldAR/Blueprints/UI/Icons/T_Icon_Circle.uasset" 755
"C:/Users/2003t/Downloads/ARImageT503Tutorial/ARImageT503/Content/HandheldAR/Blueprints/UI/Icons/T_Icon_Circle.uexp" 756
"../../../Engine/Content/Functions/Engine_MaterialFunctions02/Texturing/CustomRotator.uasset" 757
"../../../Engine/Content/Functions/Engine_MaterialFunctions02/Texturing/CustomRotator.uexp" 758
"C:/Users/2003t/Downloads/ARImageT503Tutorial/ARImageT503/Content/HandheldAR/Blueprints/UI/Materials/M_CircularMenuSelection.uasset" 759
"C:/Users/2003t/Downloads/ARImageT503Tutorial/ARImageT503/Content/HandheldAR/Blueprints/UI/Materials/M_CircularMenuSelection.uexp" 760
"C:/Users/2003t/Downloads/ARImageT503Tutorial/ARImageT503/Content/HandheldAR/Blueprints/UI/BP_BottomMenu.uasset" 761
"C:/Users/2003t/Downloads/ARImageT503Tutorial/ARImageT503/Content/HandheldAR/Blueprints/UI/BP_BottomMenu.uexp" 762
"C:/Users/2003t/Downloads/ARImageT503Tutorial/ARImageT503/Content/HandheldAR/Blueprints/UI/Icons/T_Shape_Loading.uasset" 763
"C:/Users/2003t/Downloads/ARImageT503Tutorial/ARImageT503/Content/HandheldAR/Blueprints/UI/Icons/T_Shape_Loading.uexp" 764
"C:/Users/2003t/Downloads/ARImageT503Tutorial/ARImageT503/Content/HandheldAR/Blueprints/UI/Materials/M_ButtonRotatingUI.uasset" 765
"C:/Users/2003t/Downloads/ARImageT503Tutorial/ARImageT503/Content/HandheldAR/Blueprints/UI/Materials/M_ButtonRotatingUI.uexp" 766
"C:/Users/2003t/Downloads/ARImageT503Tutorial/ARImageT503/Content/HandheldAR/Blueprints/UI/Icons/T_Shape_Circle.uasset" 767
"C:/Users/2003t/Downloads/ARImageT503Tutorial/ARImageT503/Content/HandheldAR/Blueprints/UI/Icons/T_Shape_Circle.uexp" 768
"C:/Users/2003t/Downloads/ARImageT503Tutorial/ARImageT503/Content/HandheldAR/Blueprints/UI/BP_StartMenu.uasset" 769
"C:/Users/2003t/Downloads/ARImageT503Tutorial/ARImageT503/Content/HandheldAR/Blueprints/UI/BP_StartMenu.uexp" 770
"C:/Users/2003t/Downloads/ARImageT503Tutorial/ARImageT503/Content/HandheldAR/Blueprints/UI/Materials/M_CircularMask.uasset" 771
"C:/Users/2003t/Downloads/ARImageT503Tutorial/ARImageT503/Content/HandheldAR/Blueprints/UI/Materials/M_CircularMask.uexp" 772
"C:/Users/2003t/Downloads/ARImageT503Tutorial/ARImageT503/Content/HandheldAR/Blueprints/UI/Icons/T_Icon_Shot_01.ubulk" 773
"C:/Users/2003t/Downloads/ARImageT503Tutorial/ARImageT503/Content/HandheldAR/Blueprints/UI/Icons/T_Icon_Shot_01.uasset" 774
"C:/Users/2003t/Downloads/ARImageT503Tutorial/ARImageT503/Content/HandheldAR/Blueprints/UI/Icons/T_Icon_Shot_01.uexp" 775
"C:/Users/2003t/Downloads/ARImageT503Tutorial/ARImageT503/Content/HandheldAR/D_ARSessionConfig.uasset" 776
"C:/Users/2003t/Downloads/ARImageT503Tutorial/ARImageT503/Content/HandheldAR/D_ARSessionConfig.uexp" 777
"C:/Users/2003t/Downloads/ARImageT503Tutorial/ARImageT503/Content/HandheldAR/Blueprints/UI/Icons/T_Icon_Pinch.uasset" 778
"C:/Users/2003t/Downloads/ARImageT503Tutorial/ARImageT503/Content/HandheldAR/Blueprints/UI/Icons/T_Icon_Pinch.uexp" 779
"C:/Users/2003t/Downloads/ARImageT503Tutorial/ARImageT503/Content/HandheldAR/Blueprints/UI/Icons/T_Icon_Grab.uasset" 780
"C:/Users/2003t/Downloads/ARImageT503Tutorial/ARImageT503/Content/HandheldAR/Blueprints/UI/Icons/T_Icon_Grab.uexp" 781
"C:/Users/2003t/Downloads/ARImageT503Tutorial/ARImageT503/Content/HandheldAR/Blueprints/UI/Icons/T_Icon_Swipe.uasset" 782
"C:/Users/2003t/Downloads/ARImageT503Tutorial/ARImageT503/Content/HandheldAR/Blueprints/UI/Icons/T_Icon_Swipe.uexp" 783
"C:/Users/2003t/Downloads/ARImageT503Tutorial/ARImageT503/Content/HandheldAR/Blueprints/UI/BP_InfoMenu.uasset" 784
"C:/Users/2003t/Downloads/ARImageT503Tutorial/ARImageT503/Content/HandheldAR/Blueprints/UI/BP_InfoMenu.uexp" 785
"C:/Users/2003t/Downloads/ARImageT503Tutorial/ARImageT503/Content/HandheldAR/Blueprints/UI/BP_MainMenu.uasset" 786
"C:/Users/2003t/Downloads/ARImageT503Tutorial/ARImageT503/Content/HandheldAR/Blueprints/UI/BP_MainMenu.uexp" 787
"C:/Users/2003t/Downloads/ARImageT503Tutorial/ARImageT503/Content/HandheldAR/Blueprints/GameFramework/BP_ARPawn.uasset" 788
"C:/Users/2003t/Downloads/ARImageT503Tutorial/ARImageT503/Content/HandheldAR/Blueprints/GameFramework/BP_ARPawn.uexp" 789
"C:/Users/2003t/Downloads/ARImageT503Tutorial/ARImageT503/Content/HandheldAR/Blueprints/GameFramework/BP_ARGameMode.uasset" 790
"C:/Users/2003t/Downloads/ARImageT503Tutorial/ARImageT503/Content/HandheldAR/Blueprints/GameFramework/BP_ARGameMode.uexp" 791
"../../../Engine/Content/MapTemplates/Sky/DaylightAmbientCubemap.uasset" 792
"../../../Engine/Content/MapTemplates/Sky/DaylightAmbientCubemap.uexp" 793
"C:/Users/2003t/Downloads/ARImageT503Tutorial/ARImageT503/Content/HandheldAR/Maps/HandheldARBlankMap.uexp" 794
"C:/Users/2003t/Downloads/ARImageT503Tutorial/ARImageT503/Content/HandheldAR/Maps/HandheldARBlankMap.umap" 795
